-- The C compiler identification is GNU 11.4.0
-- The CXX compiler identification is GNU 11.4.0
-- Detecting C compiler ABI info
-- Detecting C compiler ABI info - done
-- Check for working C compiler: /usr/bin/cc - skipped
-- Detecting C compile features
-- Detecting C compile features - done
-- Detecting CXX compiler ABI info
-- Detecting CXX compiler ABI info - done
-- Check for working CXX compiler: /usr/bin/c++ - skipped
-- Detecting CXX compile features
-- Detecting CXX compile features - done
-- Found ament_cmake: 1.3.12 (/opt/ros/humble/share/ament_cmake/cmake)
-- Found Python3: /usr/bin/python3 (found version "3.10.12") found components: Interpreter 
-- Override CMake install command with custom implementation using symlinks instead of copying resources
-- Configuring done
-- Generating done
-- Build files have been written to: /home/xzs/turtlebot3_ws/build/turtlebot3_machine_learning
-- Install configuration: ""
-- Execute custom install script
-- Symlinking: /home/xzs/turtlebot3_ws/install/turtlebot3_machine_learning/share/ament_index/resource_index/package_run_dependencies/turtlebot3_machine_learning
-- Symlinking: /home/xzs/turtlebot3_ws/install/turtlebot3_machine_learning/share/ament_index/resource_index/parent_prefix_path/turtlebot3_machine_learning
-- Symlinking: /home/xzs/turtlebot3_ws/install/turtlebot3_machine_learning/share/turtlebot3_machine_learning/environment/ament_prefix_path.sh
-- Symlinking: /home/xzs/turtlebot3_ws/install/turtlebot3_machine_learning/share/turtlebot3_machine_learning/environment/ament_prefix_path.dsv
-- Symlinking: /home/xzs/turtlebot3_ws/install/turtlebot3_machine_learning/share/turtlebot3_machine_learning/environment/path.sh
-- Symlinking: /home/xzs/turtlebot3_ws/install/turtlebot3_machine_learning/share/turtlebot3_machine_learning/environment/path.dsv
-- Symlinking: /home/xzs/turtlebot3_ws/install/turtlebot3_machine_learning/share/turtlebot3_machine_learning/local_setup.bash
-- Symlinking: /home/xzs/turtlebot3_ws/install/turtlebot3_machine_learning/share/turtlebot3_machine_learning/local_setup.sh
-- Symlinking: /home/xzs/turtlebot3_ws/install/turtlebot3_machine_learning/share/turtlebot3_machine_learning/local_setup.zsh
-- Symlinking: /home/xzs/turtlebot3_ws/install/turtlebot3_machine_learning/share/turtlebot3_machine_learning/local_setup.dsv
-- Symlinking: /home/xzs/turtlebot3_ws/install/turtlebot3_machine_learning/share/turtlebot3_machine_learning/package.dsv
-- Symlinking: /home/xzs/turtlebot3_ws/install/turtlebot3_machine_learning/share/ament_index/resource_index/packages/turtlebot3_machine_learning
-- Symlinking: /home/xzs/turtlebot3_ws/install/turtlebot3_machine_learning/share/turtlebot3_machine_learning/cmake/turtlebot3_machine_learningConfig.cmake
-- Symlinking: /home/xzs/turtlebot3_ws/install/turtlebot3_machine_learning/share/turtlebot3_machine_learning/cmake/turtlebot3_machine_learningConfig-version.cmake
-- Symlinking: /home/xzs/turtlebot3_ws/install/turtlebot3_machine_learning/share/turtlebot3_machine_learning/package.xml
