[0.019s] Invoking command in '/home/xzs/turtlebot3_ws/build/dynamixel_sdk': CMAKE_PREFIX_PATH=/opt/ros/humble /usr/bin/cmake /home/xzs/turtlebot3_ws/src/DynamixelSDK/ros/dynamixel_sdk -DAMENT_CMAKE_SYMLINK_INSTALL=1 -DCMAKE_INSTALL_PREFIX=/home/xzs/turtlebot3_ws/install/dynamixel_sdk
[0.350s] -- The C compiler identification is GNU 11.4.0
[0.420s] -- The CXX compiler identification is GNU 11.4.0
[0.427s] -- Detecting C compiler ABI info
[0.555s] -- Detecting C compiler ABI info - done
[0.562s] -- Check for working C compiler: /usr/bin/cc - skipped
[0.562s] -- Detecting C compile features
[0.562s] -- Detecting C compile features - done
[0.565s] -- Detecting CXX compiler ABI info
[0.616s] -- Detecting CXX compiler ABI info - done
[0.622s] -- Check for working CXX compiler: /usr/bin/c++ - skipped
[0.622s] -- Detecting CXX compile features
[0.622s] -- Detecting CXX compile features - done
[0.624s] -- Found ament_cmake: 1.3.12 (/opt/ros/humble/share/ament_cmake/cmake)
[0.747s] -- Found Python3: /usr/bin/python3 (found version "3.10.12") found components: Interpreter 
[0.800s] -- Override CMake install command with custom implementation using symlinks instead of copying resources
[0.954s] -- Configuring done
[0.960s] -- Generating done
[0.962s] -- Build files have been written to: /home/xzs/turtlebot3_ws/build/dynamixel_sdk
[0.965s] Invoked command in '/home/xzs/turtlebot3_ws/build/dynamixel_sdk' returned '0': CMAKE_PREFIX_PATH=/opt/ros/humble /usr/bin/cmake /home/xzs/turtlebot3_ws/src/DynamixelSDK/ros/dynamixel_sdk -DAMENT_CMAKE_SYMLINK_INSTALL=1 -DCMAKE_INSTALL_PREFIX=/home/xzs/turtlebot3_ws/install/dynamixel_sdk
[0.966s] Invoking command in '/home/xzs/turtlebot3_ws/build/dynamixel_sdk': CMAKE_PREFIX_PATH=/opt/ros/humble /usr/bin/cmake --build /home/xzs/turtlebot3_ws/build/dynamixel_sdk -- -j16 -l16
[0.999s] [  7%] [32mBuilding CXX object CMakeFiles/dynamixel_sdk.dir/src/dynamixel_sdk/group_sync_read.cpp.o[0m
[0.999s] [ 15%] [32mBuilding CXX object CMakeFiles/dynamixel_sdk.dir/src/dynamixel_sdk/packet_handler.cpp.o[0m
[0.999s] [ 23%] [32mBuilding CXX object CMakeFiles/dynamixel_sdk.dir/src/dynamixel_sdk/group_bulk_read.cpp.o[0m
[1.000s] [ 38%] [32mBuilding CXX object CMakeFiles/dynamixel_sdk.dir/src/dynamixel_sdk/group_bulk_write.cpp.o[0m
[1.000s] [ 38%] [32mBuilding CXX object CMakeFiles/dynamixel_sdk.dir/src/dynamixel_sdk/protocol1_packet_handler.cpp.o[0m
[1.000s] [ 46%] [32mBuilding CXX object CMakeFiles/dynamixel_sdk.dir/src/dynamixel_sdk/group_fast_bulk_read.cpp.o[0m
[1.001s] [ 61%] [32mBuilding CXX object CMakeFiles/dynamixel_sdk.dir/src/dynamixel_sdk/group_fast_sync_read.cpp.o[0m
[1.002s] [ 61%] [32mBuilding CXX object CMakeFiles/dynamixel_sdk.dir/src/dynamixel_sdk/protocol2_packet_handler.cpp.o[0m
[1.002s] [ 69%] [32mBuilding CXX object CMakeFiles/dynamixel_sdk.dir/src/dynamixel_sdk/group_sync_write.cpp.o[0m
[1.003s] [ 76%] [32mBuilding CXX object CMakeFiles/dynamixel_sdk.dir/src/dynamixel_sdk/group_handler.cpp.o[0m
[1.003s] [ 84%] [32mBuilding CXX object CMakeFiles/dynamixel_sdk.dir/src/dynamixel_sdk/port_handler_linux.cpp.o[0m
[1.007s] [ 84%] Built target ament_cmake_python_symlink_dynamixel_sdk
[1.008s] [ 92%] [32mBuilding CXX object CMakeFiles/dynamixel_sdk.dir/src/dynamixel_sdk/port_handler.cpp.o[0m
[1.303s] running egg_info
[1.304s] creating dynamixel_sdk.egg-info
[1.304s] writing dynamixel_sdk.egg-info/PKG-INFO
[1.304s] writing dependency_links to dynamixel_sdk.egg-info/dependency_links.txt
[1.304s] writing top-level names to dynamixel_sdk.egg-info/top_level.txt
[1.304s] writing manifest file 'dynamixel_sdk.egg-info/SOURCES.txt'
[1.306s] reading manifest file 'dynamixel_sdk.egg-info/SOURCES.txt'
[1.306s] writing manifest file 'dynamixel_sdk.egg-info/SOURCES.txt'
[1.334s] [ 92%] Built target ament_cmake_python_build_dynamixel_sdk_egg
[1.508s] [100%] [32m[1mLinking CXX shared library libdynamixel_sdk.so[0m
[1.571s] [100%] Built target dynamixel_sdk
[1.579s] Invoked command in '/home/xzs/turtlebot3_ws/build/dynamixel_sdk' returned '0': CMAKE_PREFIX_PATH=/opt/ros/humble /usr/bin/cmake --build /home/xzs/turtlebot3_ws/build/dynamixel_sdk -- -j16 -l16
[1.580s] Invoking command in '/home/xzs/turtlebot3_ws/build/dynamixel_sdk': CMAKE_PREFIX_PATH=/opt/ros/humble /usr/bin/cmake --install /home/xzs/turtlebot3_ws/build/dynamixel_sdk
[1.585s] -- Install configuration: ""
[1.585s] -- Execute custom install script
[1.586s] -- Symlinking: /home/xzs/turtlebot3_ws/install/dynamixel_sdk/include//dynamixel_sdk/dynamixel_sdk.h
[1.591s] -- Symlinking: /home/xzs/turtlebot3_ws/install/dynamixel_sdk/include//dynamixel_sdk/group_bulk_read.h
[1.597s] -- Symlinking: /home/xzs/turtlebot3_ws/install/dynamixel_sdk/include//dynamixel_sdk/group_bulk_write.h
[1.602s] -- Symlinking: /home/xzs/turtlebot3_ws/install/dynamixel_sdk/include//dynamixel_sdk/group_fast_bulk_read.h
[1.608s] -- Symlinking: /home/xzs/turtlebot3_ws/install/dynamixel_sdk/include//dynamixel_sdk/group_fast_sync_read.h
[1.613s] -- Symlinking: /home/xzs/turtlebot3_ws/install/dynamixel_sdk/include//dynamixel_sdk/group_handler.h
[1.619s] -- Symlinking: /home/xzs/turtlebot3_ws/install/dynamixel_sdk/include//dynamixel_sdk/group_sync_read.h
[1.624s] -- Symlinking: /home/xzs/turtlebot3_ws/install/dynamixel_sdk/include//dynamixel_sdk/group_sync_write.h
[1.629s] -- Symlinking: /home/xzs/turtlebot3_ws/install/dynamixel_sdk/include//dynamixel_sdk/packet_handler.h
[1.635s] -- Symlinking: /home/xzs/turtlebot3_ws/install/dynamixel_sdk/include//dynamixel_sdk/port_handler.h
[1.640s] -- Symlinking: /home/xzs/turtlebot3_ws/install/dynamixel_sdk/include//dynamixel_sdk/port_handler_arduino.h
[1.646s] -- Symlinking: /home/xzs/turtlebot3_ws/install/dynamixel_sdk/include//dynamixel_sdk/port_handler_linux.h
[1.652s] -- Symlinking: /home/xzs/turtlebot3_ws/install/dynamixel_sdk/include//dynamixel_sdk/port_handler_mac.h
[1.657s] -- Symlinking: /home/xzs/turtlebot3_ws/install/dynamixel_sdk/include//dynamixel_sdk/port_handler_windows.h
[1.663s] -- Symlinking: /home/xzs/turtlebot3_ws/install/dynamixel_sdk/include//dynamixel_sdk/protocol1_packet_handler.h
[1.668s] -- Symlinking: /home/xzs/turtlebot3_ws/install/dynamixel_sdk/include//dynamixel_sdk/protocol2_packet_handler.h
[1.674s] -- Symlinking: /home/xzs/turtlebot3_ws/install/dynamixel_sdk/share/dynamixel_sdk/environment/pythonpath.sh
[1.679s] -- Symlinking: /home/xzs/turtlebot3_ws/install/dynamixel_sdk/share/dynamixel_sdk/environment/pythonpath.dsv
[1.684s] -- Symlinking: /home/xzs/turtlebot3_ws/install/dynamixel_sdk/local/lib/python3.10/dist-packages/dynamixel_sdk-3.8.4-py3.10.egg-info/PKG-INFO
[1.690s] -- Symlinking: /home/xzs/turtlebot3_ws/install/dynamixel_sdk/local/lib/python3.10/dist-packages/dynamixel_sdk-3.8.4-py3.10.egg-info/SOURCES.txt
[1.696s] -- Symlinking: /home/xzs/turtlebot3_ws/install/dynamixel_sdk/local/lib/python3.10/dist-packages/dynamixel_sdk-3.8.4-py3.10.egg-info/dependency_links.txt
[1.701s] -- Symlinking: /home/xzs/turtlebot3_ws/install/dynamixel_sdk/local/lib/python3.10/dist-packages/dynamixel_sdk-3.8.4-py3.10.egg-info/top_level.txt
[1.708s] -- Symlinking: /home/xzs/turtlebot3_ws/install/dynamixel_sdk/local/lib/python3.10/dist-packages/dynamixel_sdk/__init__.py
[1.715s] -- Symlinking: /home/xzs/turtlebot3_ws/install/dynamixel_sdk/local/lib/python3.10/dist-packages/dynamixel_sdk/group_bulk_read.cpp
[1.720s] -- Symlinking: /home/xzs/turtlebot3_ws/install/dynamixel_sdk/local/lib/python3.10/dist-packages/dynamixel_sdk/group_bulk_read.py
[1.726s] -- Symlinking: /home/xzs/turtlebot3_ws/install/dynamixel_sdk/local/lib/python3.10/dist-packages/dynamixel_sdk/group_bulk_write.cpp
[1.732s] -- Symlinking: /home/xzs/turtlebot3_ws/install/dynamixel_sdk/local/lib/python3.10/dist-packages/dynamixel_sdk/group_bulk_write.py
[1.738s] -- Symlinking: /home/xzs/turtlebot3_ws/install/dynamixel_sdk/local/lib/python3.10/dist-packages/dynamixel_sdk/group_fast_bulk_read.cpp
[1.744s] -- Symlinking: /home/xzs/turtlebot3_ws/install/dynamixel_sdk/local/lib/python3.10/dist-packages/dynamixel_sdk/group_fast_sync_read.cpp
[1.750s] -- Symlinking: /home/xzs/turtlebot3_ws/install/dynamixel_sdk/local/lib/python3.10/dist-packages/dynamixel_sdk/group_handler.cpp
[1.755s] -- Symlinking: /home/xzs/turtlebot3_ws/install/dynamixel_sdk/local/lib/python3.10/dist-packages/dynamixel_sdk/group_sync_read.cpp
[1.761s] -- Symlinking: /home/xzs/turtlebot3_ws/install/dynamixel_sdk/local/lib/python3.10/dist-packages/dynamixel_sdk/group_sync_read.py
[1.766s] -- Symlinking: /home/xzs/turtlebot3_ws/install/dynamixel_sdk/local/lib/python3.10/dist-packages/dynamixel_sdk/group_sync_write.cpp
[1.772s] -- Symlinking: /home/xzs/turtlebot3_ws/install/dynamixel_sdk/local/lib/python3.10/dist-packages/dynamixel_sdk/group_sync_write.py
[1.778s] -- Symlinking: /home/xzs/turtlebot3_ws/install/dynamixel_sdk/local/lib/python3.10/dist-packages/dynamixel_sdk/packet_handler.cpp
[1.784s] -- Symlinking: /home/xzs/turtlebot3_ws/install/dynamixel_sdk/local/lib/python3.10/dist-packages/dynamixel_sdk/packet_handler.py
[1.789s] -- Symlinking: /home/xzs/turtlebot3_ws/install/dynamixel_sdk/local/lib/python3.10/dist-packages/dynamixel_sdk/port_handler.cpp
[1.796s] -- Symlinking: /home/xzs/turtlebot3_ws/install/dynamixel_sdk/local/lib/python3.10/dist-packages/dynamixel_sdk/port_handler.py
[1.801s] -- Symlinking: /home/xzs/turtlebot3_ws/install/dynamixel_sdk/local/lib/python3.10/dist-packages/dynamixel_sdk/port_handler_arduino.cpp
[1.807s] -- Symlinking: /home/xzs/turtlebot3_ws/install/dynamixel_sdk/local/lib/python3.10/dist-packages/dynamixel_sdk/port_handler_linux.cpp
[1.813s] -- Symlinking: /home/xzs/turtlebot3_ws/install/dynamixel_sdk/local/lib/python3.10/dist-packages/dynamixel_sdk/port_handler_mac.cpp
[1.818s] -- Symlinking: /home/xzs/turtlebot3_ws/install/dynamixel_sdk/local/lib/python3.10/dist-packages/dynamixel_sdk/port_handler_windows.cpp
[1.824s] -- Symlinking: /home/xzs/turtlebot3_ws/install/dynamixel_sdk/local/lib/python3.10/dist-packages/dynamixel_sdk/protocol1_packet_handler.cpp
[1.830s] -- Symlinking: /home/xzs/turtlebot3_ws/install/dynamixel_sdk/local/lib/python3.10/dist-packages/dynamixel_sdk/protocol1_packet_handler.py
[1.836s] -- Symlinking: /home/xzs/turtlebot3_ws/install/dynamixel_sdk/local/lib/python3.10/dist-packages/dynamixel_sdk/protocol2_packet_handler.cpp
[1.841s] -- Symlinking: /home/xzs/turtlebot3_ws/install/dynamixel_sdk/local/lib/python3.10/dist-packages/dynamixel_sdk/protocol2_packet_handler.py
[1.847s] -- Symlinking: /home/xzs/turtlebot3_ws/install/dynamixel_sdk/local/lib/python3.10/dist-packages/dynamixel_sdk/robotis_def.py
[1.853s] -- Symlinking: /home/xzs/turtlebot3_ws/install/dynamixel_sdk/share/dynamixel_sdk/environment/library_path.sh
[1.858s] -- Symlinking: /home/xzs/turtlebot3_ws/install/dynamixel_sdk/share/dynamixel_sdk/environment/library_path.dsv
[1.864s] -- Symlinking: /home/xzs/turtlebot3_ws/install/dynamixel_sdk/share/ament_index/resource_index/package_run_dependencies/dynamixel_sdk
[1.870s] -- Symlinking: /home/xzs/turtlebot3_ws/install/dynamixel_sdk/share/ament_index/resource_index/parent_prefix_path/dynamixel_sdk
[1.875s] -- Symlinking: /home/xzs/turtlebot3_ws/install/dynamixel_sdk/share/dynamixel_sdk/environment/ament_prefix_path.sh
[1.881s] -- Symlinking: /home/xzs/turtlebot3_ws/install/dynamixel_sdk/share/dynamixel_sdk/environment/ament_prefix_path.dsv
[1.887s] -- Symlinking: /home/xzs/turtlebot3_ws/install/dynamixel_sdk/share/dynamixel_sdk/environment/path.sh
[1.893s] -- Symlinking: /home/xzs/turtlebot3_ws/install/dynamixel_sdk/share/dynamixel_sdk/environment/path.dsv
[1.899s] -- Symlinking: /home/xzs/turtlebot3_ws/install/dynamixel_sdk/share/dynamixel_sdk/local_setup.bash
[1.906s] -- Symlinking: /home/xzs/turtlebot3_ws/install/dynamixel_sdk/share/dynamixel_sdk/local_setup.sh
[1.912s] -- Symlinking: /home/xzs/turtlebot3_ws/install/dynamixel_sdk/share/dynamixel_sdk/local_setup.zsh
[1.918s] -- Symlinking: /home/xzs/turtlebot3_ws/install/dynamixel_sdk/share/dynamixel_sdk/local_setup.dsv
[1.926s] -- Symlinking: /home/xzs/turtlebot3_ws/install/dynamixel_sdk/share/dynamixel_sdk/package.dsv
[1.933s] -- Symlinking: /home/xzs/turtlebot3_ws/install/dynamixel_sdk/share/ament_index/resource_index/packages/dynamixel_sdk
[1.939s] -- Symlinking: /home/xzs/turtlebot3_ws/install/dynamixel_sdk/share/dynamixel_sdk/cmake/ament_cmake_export_targets-extras.cmake
[1.945s] -- Symlinking: /home/xzs/turtlebot3_ws/install/dynamixel_sdk/share/dynamixel_sdk/cmake/ament_cmake_export_include_directories-extras.cmake
[1.951s] -- Symlinking: /home/xzs/turtlebot3_ws/install/dynamixel_sdk/share/dynamixel_sdk/cmake/ament_cmake_export_libraries-extras.cmake
[1.958s] -- Symlinking: /home/xzs/turtlebot3_ws/install/dynamixel_sdk/share/dynamixel_sdk/cmake/dynamixel_sdkConfig.cmake
[1.965s] -- Symlinking: /home/xzs/turtlebot3_ws/install/dynamixel_sdk/share/dynamixel_sdk/cmake/dynamixel_sdkConfig-version.cmake
[1.971s] -- Symlinking: /home/xzs/turtlebot3_ws/install/dynamixel_sdk/share/dynamixel_sdk/package.xml
[1.977s] -- Installing: /home/xzs/turtlebot3_ws/install/dynamixel_sdk/lib/libdynamixel_sdk.so
[2.071s] Listing '/home/xzs/turtlebot3_ws/install/dynamixel_sdk/local/lib/python3.10/dist-packages/dynamixel_sdk'...
[2.071s] Compiling '/home/xzs/turtlebot3_ws/install/dynamixel_sdk/local/lib/python3.10/dist-packages/dynamixel_sdk/__init__.py'...
[2.071s] Compiling '/home/xzs/turtlebot3_ws/install/dynamixel_sdk/local/lib/python3.10/dist-packages/dynamixel_sdk/group_bulk_read.py'...
[2.071s] Compiling '/home/xzs/turtlebot3_ws/install/dynamixel_sdk/local/lib/python3.10/dist-packages/dynamixel_sdk/group_bulk_write.py'...
[2.071s] Compiling '/home/xzs/turtlebot3_ws/install/dynamixel_sdk/local/lib/python3.10/dist-packages/dynamixel_sdk/group_sync_read.py'...
[2.071s] Compiling '/home/xzs/turtlebot3_ws/install/dynamixel_sdk/local/lib/python3.10/dist-packages/dynamixel_sdk/group_sync_write.py'...
[2.071s] Compiling '/home/xzs/turtlebot3_ws/install/dynamixel_sdk/local/lib/python3.10/dist-packages/dynamixel_sdk/packet_handler.py'...
[2.071s] Compiling '/home/xzs/turtlebot3_ws/install/dynamixel_sdk/local/lib/python3.10/dist-packages/dynamixel_sdk/port_handler.py'...
[2.072s] Compiling '/home/xzs/turtlebot3_ws/install/dynamixel_sdk/local/lib/python3.10/dist-packages/dynamixel_sdk/protocol1_packet_handler.py'...
[2.072s] Compiling '/home/xzs/turtlebot3_ws/install/dynamixel_sdk/local/lib/python3.10/dist-packages/dynamixel_sdk/protocol2_packet_handler.py'...
[2.072s] Compiling '/home/xzs/turtlebot3_ws/install/dynamixel_sdk/local/lib/python3.10/dist-packages/dynamixel_sdk/robotis_def.py'...
[2.077s] -- Installing: /home/xzs/turtlebot3_ws/install/dynamixel_sdk/share/dynamixel_sdk/cmake/dynamixel_sdkExport.cmake
[2.077s] -- Installing: /home/xzs/turtlebot3_ws/install/dynamixel_sdk/share/dynamixel_sdk/cmake/dynamixel_sdkExport-noconfig.cmake
[2.079s] Invoked command in '/home/xzs/turtlebot3_ws/build/dynamixel_sdk' returned '0': CMAKE_PREFIX_PATH=/opt/ros/humble /usr/bin/cmake --install /home/xzs/turtlebot3_ws/build/dynamixel_sdk
