[0.467s] Invoking command in '/home/xzs/turtlebot3_ws/build/turtlebot3_example': AMENT_PREFIX_PATH=/home/xzs/turtlebot3_ws/install/turtlebot3_msgs:${AMENT_PREFIX_PATH} CMAKE_PREFIX_PATH=/home/xzs/turtlebot3_ws/install/turtlebot3_msgs LD_LIBRARY_PATH=/home/xzs/turtlebot3_ws/install/turtlebot3_msgs/lib:${LD_LIBRARY_PATH} PYTHONPATH=/home/xzs/turtlebot3_ws/build/turtlebot3_example/prefix_override:/usr/lib/python3/dist-packages/colcon_core/task/python/colcon_distutils_commands:/home/xzs/turtlebot3_ws/install/turtlebot3_example/lib/python3.10/site-packages:/home/xzs/turtlebot3_ws/install/turtlebot3_msgs/local/lib/python3.10/dist-packages:${PYTHONPATH} /usr/bin/python3 -W ignore:setup.py install is deprecated -W ignore:easy_install command is deprecated setup.py develop --editable --build-directory /home/xzs/turtlebot3_ws/build/turtlebot3_example/build --no-deps symlink_data
[0.660s] running develop
[0.786s] running egg_info
[0.786s] creating turtlebot3_example.egg-info
[0.786s] writing turtlebot3_example.egg-info/PKG-INFO
[0.786s] writing dependency_links to turtlebot3_example.egg-info/dependency_links.txt
[0.786s] writing entry points to turtlebot3_example.egg-info/entry_points.txt
[0.787s] writing requirements to turtlebot3_example.egg-info/requires.txt
[0.787s] writing top-level names to turtlebot3_example.egg-info/top_level.txt
[0.787s] writing manifest file 'turtlebot3_example.egg-info/SOURCES.txt'
[0.788s] reading manifest file 'turtlebot3_example.egg-info/SOURCES.txt'
[0.789s] writing manifest file 'turtlebot3_example.egg-info/SOURCES.txt'
[0.790s] running build_ext
[0.790s] Creating /home/xzs/turtlebot3_ws/install/turtlebot3_example/lib/python3.10/site-packages/turtlebot3-example.egg-link (link to .)
[0.790s] Installing turtlebot3_absolute_move script to /home/xzs/turtlebot3_ws/install/turtlebot3_example/lib/turtlebot3_example
[0.790s] Installing turtlebot3_interactive_marker script to /home/xzs/turtlebot3_ws/install/turtlebot3_example/lib/turtlebot3_example
[0.790s] Installing turtlebot3_obstacle_detection script to /home/xzs/turtlebot3_ws/install/turtlebot3_example/lib/turtlebot3_example
[0.790s] Installing turtlebot3_patrol_client script to /home/xzs/turtlebot3_ws/install/turtlebot3_example/lib/turtlebot3_example
[0.791s] Installing turtlebot3_patrol_server script to /home/xzs/turtlebot3_ws/install/turtlebot3_example/lib/turtlebot3_example
[0.791s] Installing turtlebot3_relative_move script to /home/xzs/turtlebot3_ws/install/turtlebot3_example/lib/turtlebot3_example
[0.791s] 
[0.791s] Installed /home/xzs/turtlebot3_ws/build/turtlebot3_example
[0.791s] running symlink_data
[0.791s] creating /home/xzs/turtlebot3_ws/install/turtlebot3_example/share/ament_index
[0.791s] creating /home/xzs/turtlebot3_ws/install/turtlebot3_example/share/ament_index/resource_index
[0.791s] creating /home/xzs/turtlebot3_ws/install/turtlebot3_example/share/ament_index/resource_index/packages
[0.791s] symbolically linking /home/xzs/turtlebot3_ws/build/turtlebot3_example/resource/turtlebot3_example -> /home/xzs/turtlebot3_ws/install/turtlebot3_example/share/ament_index/resource_index/packages
[0.791s] symbolically linking /home/xzs/turtlebot3_ws/build/turtlebot3_example/package.xml -> /home/xzs/turtlebot3_ws/install/turtlebot3_example/share/turtlebot3_example
[0.810s] Invoked command in '/home/xzs/turtlebot3_ws/build/turtlebot3_example' returned '0': AMENT_PREFIX_PATH=/home/xzs/turtlebot3_ws/install/turtlebot3_msgs:${AMENT_PREFIX_PATH} CMAKE_PREFIX_PATH=/home/xzs/turtlebot3_ws/install/turtlebot3_msgs LD_LIBRARY_PATH=/home/xzs/turtlebot3_ws/install/turtlebot3_msgs/lib:${LD_LIBRARY_PATH} PYTHONPATH=/home/xzs/turtlebot3_ws/build/turtlebot3_example/prefix_override:/usr/lib/python3/dist-packages/colcon_core/task/python/colcon_distutils_commands:/home/xzs/turtlebot3_ws/install/turtlebot3_example/lib/python3.10/site-packages:/home/xzs/turtlebot3_ws/install/turtlebot3_msgs/local/lib/python3.10/dist-packages:${PYTHONPATH} /usr/bin/python3 -W ignore:setup.py install is deprecated -W ignore:easy_install command is deprecated setup.py develop --editable --build-directory /home/xzs/turtlebot3_ws/build/turtlebot3_example/build --no-deps symlink_data
