[0.016s] Invoking command in '/home/xzs/turtlebot3_ws/build/turtlebot3_description': CMAKE_PREFIX_PATH=/opt/ros/humble /usr/bin/cmake /home/xzs/turtlebot3_ws/src/turtlebot3/turtlebot3_description -DAMENT_CMAKE_SYMLINK_INSTALL=1 -DCMAKE_INSTALL_PREFIX=/home/xzs/turtlebot3_ws/install/turtlebot3_description
[0.345s] -- The C compiler identification is GNU 11.4.0
[0.415s] -- The CXX compiler identification is GNU 11.4.0
[0.422s] -- Detecting C compiler ABI info
[0.549s] -- Detecting C compiler ABI info - done
[0.554s] -- Check for working C compiler: /usr/bin/cc - skipped
[0.555s] -- Detecting C compile features
[0.555s] -- Detecting C compile features - done
[0.557s] -- Detecting CXX compiler ABI info
[0.612s] -- Detecting CXX compiler ABI info - done
[0.622s] -- Check for working CXX compiler: /usr/bin/c++ - skipped
[0.622s] -- Detecting CXX compile features
[0.623s] -- Detecting CXX compile features - done
[0.625s] -- Found ament_cmake: 1.3.12 (/opt/ros/humble/share/ament_cmake/cmake)
[0.741s] -- Found Python3: /usr/bin/python3 (found version "3.10.12") found components: Interpreter 
[0.794s] -- Override CMake install command with custom implementation using symlinks instead of copying resources
[0.833s] -- Found urdf: 2.6.1 (/opt/ros/humble/share/urdf/cmake)
[0.938s] -- Configuring done
[0.940s] -- Generating done
[0.942s] -- Build files have been written to: /home/xzs/turtlebot3_ws/build/turtlebot3_description
[0.949s] Invoked command in '/home/xzs/turtlebot3_ws/build/turtlebot3_description' returned '0': CMAKE_PREFIX_PATH=/opt/ros/humble /usr/bin/cmake /home/xzs/turtlebot3_ws/src/turtlebot3/turtlebot3_description -DAMENT_CMAKE_SYMLINK_INSTALL=1 -DCMAKE_INSTALL_PREFIX=/home/xzs/turtlebot3_ws/install/turtlebot3_description
[0.951s] Invoking command in '/home/xzs/turtlebot3_ws/build/turtlebot3_description': CMAKE_PREFIX_PATH=/opt/ros/humble /usr/bin/cmake --build /home/xzs/turtlebot3_ws/build/turtlebot3_description -- -j16 -l16
[0.977s] Invoked command in '/home/xzs/turtlebot3_ws/build/turtlebot3_description' returned '0': CMAKE_PREFIX_PATH=/opt/ros/humble /usr/bin/cmake --build /home/xzs/turtlebot3_ws/build/turtlebot3_description -- -j16 -l16
[0.978s] Invoking command in '/home/xzs/turtlebot3_ws/build/turtlebot3_description': CMAKE_PREFIX_PATH=/opt/ros/humble /usr/bin/cmake --install /home/xzs/turtlebot3_ws/build/turtlebot3_description
[0.984s] -- Install configuration: ""
[0.984s] -- Execute custom install script
[0.985s] -- Symlinking: /home/xzs/turtlebot3_ws/install/turtlebot3_description/share/turtlebot3_description/meshes/bases/burger_base.stl
[0.993s] -- Symlinking: /home/xzs/turtlebot3_ws/install/turtlebot3_description/share/turtlebot3_description/meshes/bases/waffle_base.stl
[1.006s] -- Symlinking: /home/xzs/turtlebot3_ws/install/turtlebot3_description/share/turtlebot3_description/meshes/bases/waffle_pi_base.stl
[1.019s] -- Symlinking: /home/xzs/turtlebot3_ws/install/turtlebot3_description/share/turtlebot3_description/meshes/sensors/astra.dae
[1.029s] -- Symlinking: /home/xzs/turtlebot3_ws/install/turtlebot3_description/share/turtlebot3_description/meshes/sensors/astra.jpg
[1.039s] -- Symlinking: /home/xzs/turtlebot3_ws/install/turtlebot3_description/share/turtlebot3_description/meshes/sensors/lds.stl
[1.049s] -- Symlinking: /home/xzs/turtlebot3_ws/install/turtlebot3_description/share/turtlebot3_description/meshes/sensors/r200.dae
[1.060s] -- Symlinking: /home/xzs/turtlebot3_ws/install/turtlebot3_description/share/turtlebot3_description/meshes/sensors/r200.jpg
[1.072s] -- Symlinking: /home/xzs/turtlebot3_ws/install/turtlebot3_description/share/turtlebot3_description/meshes/wheels/left_tire.stl
[1.082s] -- Symlinking: /home/xzs/turtlebot3_ws/install/turtlebot3_description/share/turtlebot3_description/meshes/wheels/right_tire.stl
[1.093s] -- Symlinking: /home/xzs/turtlebot3_ws/install/turtlebot3_description/share/turtlebot3_description/rviz/model.rviz
[1.103s] -- Symlinking: /home/xzs/turtlebot3_ws/install/turtlebot3_description/share/turtlebot3_description/urdf/common_properties.urdf
[1.116s] -- Symlinking: /home/xzs/turtlebot3_ws/install/turtlebot3_description/share/turtlebot3_description/urdf/turtlebot3_burger.urdf
[1.126s] -- Symlinking: /home/xzs/turtlebot3_ws/install/turtlebot3_description/share/turtlebot3_description/urdf/turtlebot3_waffle.urdf
[1.139s] -- Symlinking: /home/xzs/turtlebot3_ws/install/turtlebot3_description/share/turtlebot3_description/urdf/turtlebot3_waffle_pi.urdf
[1.152s] -- Symlinking: /home/xzs/turtlebot3_ws/install/turtlebot3_description/share/ament_index/resource_index/package_run_dependencies/turtlebot3_description
[1.161s] -- Symlinking: /home/xzs/turtlebot3_ws/install/turtlebot3_description/share/ament_index/resource_index/parent_prefix_path/turtlebot3_description
[1.172s] -- Symlinking: /home/xzs/turtlebot3_ws/install/turtlebot3_description/share/turtlebot3_description/environment/ament_prefix_path.sh
[1.183s] -- Symlinking: /home/xzs/turtlebot3_ws/install/turtlebot3_description/share/turtlebot3_description/environment/ament_prefix_path.dsv
[1.191s] -- Symlinking: /home/xzs/turtlebot3_ws/install/turtlebot3_description/share/turtlebot3_description/environment/path.sh
[1.198s] -- Symlinking: /home/xzs/turtlebot3_ws/install/turtlebot3_description/share/turtlebot3_description/environment/path.dsv
[1.205s] -- Symlinking: /home/xzs/turtlebot3_ws/install/turtlebot3_description/share/turtlebot3_description/local_setup.bash
[1.213s] -- Symlinking: /home/xzs/turtlebot3_ws/install/turtlebot3_description/share/turtlebot3_description/local_setup.sh
[1.219s] -- Symlinking: /home/xzs/turtlebot3_ws/install/turtlebot3_description/share/turtlebot3_description/local_setup.zsh
[1.226s] -- Symlinking: /home/xzs/turtlebot3_ws/install/turtlebot3_description/share/turtlebot3_description/local_setup.dsv
[1.233s] -- Symlinking: /home/xzs/turtlebot3_ws/install/turtlebot3_description/share/turtlebot3_description/package.dsv
[1.240s] -- Symlinking: /home/xzs/turtlebot3_ws/install/turtlebot3_description/share/ament_index/resource_index/packages/turtlebot3_description
[1.247s] -- Symlinking: /home/xzs/turtlebot3_ws/install/turtlebot3_description/share/turtlebot3_description/cmake/turtlebot3_descriptionConfig.cmake
[1.255s] -- Symlinking: /home/xzs/turtlebot3_ws/install/turtlebot3_description/share/turtlebot3_description/cmake/turtlebot3_descriptionConfig-version.cmake
[1.262s] -- Symlinking: /home/xzs/turtlebot3_ws/install/turtlebot3_description/share/turtlebot3_description/package.xml
[1.271s] Invoked command in '/home/xzs/turtlebot3_ws/build/turtlebot3_description' returned '0': CMAKE_PREFIX_PATH=/opt/ros/humble /usr/bin/cmake --install /home/xzs/turtlebot3_ws/build/turtlebot3_description
