[0.075s] Invoking command in '/home/xzs/turtlebot3_ws/build/turtlebot3_cartographer': CMAKE_PREFIX_PATH=${CMAKE_PREFIX_PATH}:/home/xzs/turtlebot3_ws/install/turtlebot3_teleop:/home/xzs/turtlebot3_ws/install/turtlebot3_example:/opt/ros/humble /usr/bin/cmake --build /home/xzs/turtlebot3_ws/build/turtlebot3_cartographer -- -j16 -l16
[0.373s] Invoked command in '/home/xzs/turtlebot3_ws/build/turtlebot3_cartographer' returned '0': CMAKE_PREFIX_PATH=${CMAKE_PREFIX_PATH}:/home/xzs/turtlebot3_ws/install/turtlebot3_teleop:/home/xzs/turtlebot3_ws/install/turtlebot3_example:/opt/ros/humble /usr/bin/cmake --build /home/xzs/turtlebot3_ws/build/turtlebot3_cartographer -- -j16 -l16
[0.425s] Invoking command in '/home/xzs/turtlebot3_ws/build/turtlebot3_cartographer': CMAKE_PREFIX_PATH=${CMAKE_PREFIX_PATH}:/home/xzs/turtlebot3_ws/install/turtlebot3_teleop:/home/xzs/turtlebot3_ws/install/turtlebot3_example:/opt/ros/humble /usr/bin/cmake --install /home/xzs/turtlebot3_ws/build/turtlebot3_cartographer
[0.444s] -- Install configuration: ""
[0.524s] -- Execute custom install script
[0.525s] -- Up-to-date symlink: /home/xzs/turtlebot3_ws/install/turtlebot3_cartographer/share/turtlebot3_cartographer/config/turtlebot3_lds_2d.lua
[0.525s] -- Up-to-date symlink: /home/xzs/turtlebot3_ws/install/turtlebot3_cartographer/share/turtlebot3_cartographer/launch/cartographer.launch.py
[0.525s] -- Up-to-date symlink: /home/xzs/turtlebot3_ws/install/turtlebot3_cartographer/share/turtlebot3_cartographer/launch/occupancy_grid.launch.py
[0.525s] -- Up-to-date symlink: /home/xzs/turtlebot3_ws/install/turtlebot3_cartographer/share/turtlebot3_cartographer/rviz/tb3_cartographer.rviz
[0.527s] -- Up-to-date symlink: /home/xzs/turtlebot3_ws/install/turtlebot3_cartographer/share/ament_index/resource_index/package_run_dependencies/turtlebot3_cartographer
[0.527s] -- Up-to-date symlink: /home/xzs/turtlebot3_ws/install/turtlebot3_cartographer/share/ament_index/resource_index/parent_prefix_path/turtlebot3_cartographer
[0.527s] -- Up-to-date symlink: /home/xzs/turtlebot3_ws/install/turtlebot3_cartographer/share/turtlebot3_cartographer/environment/ament_prefix_path.sh
[0.527s] -- Up-to-date symlink: /home/xzs/turtlebot3_ws/install/turtlebot3_cartographer/share/turtlebot3_cartographer/environment/ament_prefix_path.dsv
[0.527s] -- Up-to-date symlink: /home/xzs/turtlebot3_ws/install/turtlebot3_cartographer/share/turtlebot3_cartographer/environment/path.sh
[0.527s] -- Up-to-date symlink: /home/xzs/turtlebot3_ws/install/turtlebot3_cartographer/share/turtlebot3_cartographer/environment/path.dsv
[0.527s] -- Up-to-date symlink: /home/xzs/turtlebot3_ws/install/turtlebot3_cartographer/share/turtlebot3_cartographer/local_setup.bash
[0.528s] -- Up-to-date symlink: /home/xzs/turtlebot3_ws/install/turtlebot3_cartographer/share/turtlebot3_cartographer/local_setup.sh
[0.528s] -- Up-to-date symlink: /home/xzs/turtlebot3_ws/install/turtlebot3_cartographer/share/turtlebot3_cartographer/local_setup.zsh
[0.528s] -- Up-to-date symlink: /home/xzs/turtlebot3_ws/install/turtlebot3_cartographer/share/turtlebot3_cartographer/local_setup.dsv
[0.530s] -- Symlinking: /home/xzs/turtlebot3_ws/install/turtlebot3_cartographer/share/turtlebot3_cartographer/package.dsv
[0.537s] -- Up-to-date symlink: /home/xzs/turtlebot3_ws/install/turtlebot3_cartographer/share/ament_index/resource_index/packages/turtlebot3_cartographer
[0.537s] -- Up-to-date symlink: /home/xzs/turtlebot3_ws/install/turtlebot3_cartographer/share/turtlebot3_cartographer/cmake/turtlebot3_cartographerConfig.cmake
[0.537s] -- Up-to-date symlink: /home/xzs/turtlebot3_ws/install/turtlebot3_cartographer/share/turtlebot3_cartographer/cmake/turtlebot3_cartographerConfig-version.cmake
[0.537s] -- Up-to-date symlink: /home/xzs/turtlebot3_ws/install/turtlebot3_cartographer/share/turtlebot3_cartographer/package.xml
[0.567s] Invoked command in '/home/xzs/turtlebot3_ws/build/turtlebot3_cartographer' returned '0': CMAKE_PREFIX_PATH=${CMAKE_PREFIX_PATH}:/home/xzs/turtlebot3_ws/install/turtlebot3_teleop:/home/xzs/turtlebot3_ws/install/turtlebot3_example:/opt/ros/humble /usr/bin/cmake --install /home/xzs/turtlebot3_ws/build/turtlebot3_cartographer
