[0.007s] Invoking command in '/home/xzs/turtlebot3_ws/build/turtlebot3_bringup': AMENT_PREFIX_PATH=/home/xzs/turtlebot3_ws/install/turtlebot3_node:/home/xzs/turtlebot3_ws/install/turtlebot3_msgs:/home/xzs/turtlebot3_ws/install/turtlebot3_description:/home/xzs/turtlebot3_ws/install/dynamixel_sdk:${AMENT_PREFIX_PATH} CMAKE_PREFIX_PATH=/home/xzs/turtlebot3_ws/install/turtlebot3_node:/home/xzs/turtlebot3_ws/install/turtlebot3_msgs:/home/xzs/turtlebot3_ws/install/turtlebot3_description:/home/xzs/turtlebot3_ws/install/dynamixel_sdk:/opt/ros/humble LD_LIBRARY_PATH=/home/xzs/turtlebot3_ws/install/turtlebot3_msgs/lib:/home/xzs/turtlebot3_ws/install/dynamixel_sdk/lib:${LD_LIBRARY_PATH} PYTHONPATH=/home/xzs/turtlebot3_ws/install/turtlebot3_msgs/local/lib/python3.10/dist-packages:/home/xzs/turtlebot3_ws/install/dynamixel_sdk/local/lib/python3.10/dist-packages:${PYTHONPATH} /usr/bin/cmake /home/xzs/turtlebot3_ws/src/turtlebot3/turtlebot3_bringup -DAMENT_CMAKE_SYMLINK_INSTALL=1 -DCMAKE_INSTALL_PREFIX=/home/xzs/turtlebot3_ws/install/turtlebot3_bringup
[0.041s] -- The C compiler identification is GNU 11.4.0
[0.077s] -- The CXX compiler identification is GNU 11.4.0
[0.082s] -- Detecting C compiler ABI info
[0.126s] -- Detecting C compiler ABI info - done
[0.132s] -- Check for working C compiler: /usr/bin/cc - skipped
[0.132s] -- Detecting C compile features
[0.132s] -- Detecting C compile features - done
[0.134s] -- Detecting CXX compiler ABI info
[0.196s] -- Detecting CXX compiler ABI info - done
[0.202s] -- Check for working CXX compiler: /usr/bin/c++ - skipped
[0.202s] -- Detecting CXX compile features
[0.202s] -- Detecting CXX compile features - done
[0.204s] -- Found ament_cmake: 1.3.12 (/opt/ros/humble/share/ament_cmake/cmake)
[0.309s] -- Found Python3: /usr/bin/python3 (found version "3.10.12") found components: Interpreter 
[0.353s] -- Override CMake install command with custom implementation using symlinks instead of copying resources
[0.417s] -- Configuring done
[0.418s] -- Generating done
[0.419s] -- Build files have been written to: /home/xzs/turtlebot3_ws/build/turtlebot3_bringup
[0.422s] Invoked command in '/home/xzs/turtlebot3_ws/build/turtlebot3_bringup' returned '0': AMENT_PREFIX_PATH=/home/xzs/turtlebot3_ws/install/turtlebot3_node:/home/xzs/turtlebot3_ws/install/turtlebot3_msgs:/home/xzs/turtlebot3_ws/install/turtlebot3_description:/home/xzs/turtlebot3_ws/install/dynamixel_sdk:${AMENT_PREFIX_PATH} CMAKE_PREFIX_PATH=/home/xzs/turtlebot3_ws/install/turtlebot3_node:/home/xzs/turtlebot3_ws/install/turtlebot3_msgs:/home/xzs/turtlebot3_ws/install/turtlebot3_description:/home/xzs/turtlebot3_ws/install/dynamixel_sdk:/opt/ros/humble LD_LIBRARY_PATH=/home/xzs/turtlebot3_ws/install/turtlebot3_msgs/lib:/home/xzs/turtlebot3_ws/install/dynamixel_sdk/lib:${LD_LIBRARY_PATH} PYTHONPATH=/home/xzs/turtlebot3_ws/install/turtlebot3_msgs/local/lib/python3.10/dist-packages:/home/xzs/turtlebot3_ws/install/dynamixel_sdk/local/lib/python3.10/dist-packages:${PYTHONPATH} /usr/bin/cmake /home/xzs/turtlebot3_ws/src/turtlebot3/turtlebot3_bringup -DAMENT_CMAKE_SYMLINK_INSTALL=1 -DCMAKE_INSTALL_PREFIX=/home/xzs/turtlebot3_ws/install/turtlebot3_bringup
[0.423s] Invoking command in '/home/xzs/turtlebot3_ws/build/turtlebot3_bringup': AMENT_PREFIX_PATH=/home/xzs/turtlebot3_ws/install/turtlebot3_node:/home/xzs/turtlebot3_ws/install/turtlebot3_msgs:/home/xzs/turtlebot3_ws/install/turtlebot3_description:/home/xzs/turtlebot3_ws/install/dynamixel_sdk:${AMENT_PREFIX_PATH} CMAKE_PREFIX_PATH=/home/xzs/turtlebot3_ws/install/turtlebot3_node:/home/xzs/turtlebot3_ws/install/turtlebot3_msgs:/home/xzs/turtlebot3_ws/install/turtlebot3_description:/home/xzs/turtlebot3_ws/install/dynamixel_sdk:/opt/ros/humble LD_LIBRARY_PATH=/home/xzs/turtlebot3_ws/install/turtlebot3_msgs/lib:/home/xzs/turtlebot3_ws/install/dynamixel_sdk/lib:${LD_LIBRARY_PATH} PYTHONPATH=/home/xzs/turtlebot3_ws/install/turtlebot3_msgs/local/lib/python3.10/dist-packages:/home/xzs/turtlebot3_ws/install/dynamixel_sdk/local/lib/python3.10/dist-packages:${PYTHONPATH} /usr/bin/cmake --build /home/xzs/turtlebot3_ws/build/turtlebot3_bringup -- -j16 -l16
[0.446s] Invoked command in '/home/xzs/turtlebot3_ws/build/turtlebot3_bringup' returned '0': AMENT_PREFIX_PATH=/home/xzs/turtlebot3_ws/install/turtlebot3_node:/home/xzs/turtlebot3_ws/install/turtlebot3_msgs:/home/xzs/turtlebot3_ws/install/turtlebot3_description:/home/xzs/turtlebot3_ws/install/dynamixel_sdk:${AMENT_PREFIX_PATH} CMAKE_PREFIX_PATH=/home/xzs/turtlebot3_ws/install/turtlebot3_node:/home/xzs/turtlebot3_ws/install/turtlebot3_msgs:/home/xzs/turtlebot3_ws/install/turtlebot3_description:/home/xzs/turtlebot3_ws/install/dynamixel_sdk:/opt/ros/humble LD_LIBRARY_PATH=/home/xzs/turtlebot3_ws/install/turtlebot3_msgs/lib:/home/xzs/turtlebot3_ws/install/dynamixel_sdk/lib:${LD_LIBRARY_PATH} PYTHONPATH=/home/xzs/turtlebot3_ws/install/turtlebot3_msgs/local/lib/python3.10/dist-packages:/home/xzs/turtlebot3_ws/install/dynamixel_sdk/local/lib/python3.10/dist-packages:${PYTHONPATH} /usr/bin/cmake --build /home/xzs/turtlebot3_ws/build/turtlebot3_bringup -- -j16 -l16
[0.447s] Invoking command in '/home/xzs/turtlebot3_ws/build/turtlebot3_bringup': AMENT_PREFIX_PATH=/home/xzs/turtlebot3_ws/install/turtlebot3_node:/home/xzs/turtlebot3_ws/install/turtlebot3_msgs:/home/xzs/turtlebot3_ws/install/turtlebot3_description:/home/xzs/turtlebot3_ws/install/dynamixel_sdk:${AMENT_PREFIX_PATH} CMAKE_PREFIX_PATH=/home/xzs/turtlebot3_ws/install/turtlebot3_node:/home/xzs/turtlebot3_ws/install/turtlebot3_msgs:/home/xzs/turtlebot3_ws/install/turtlebot3_description:/home/xzs/turtlebot3_ws/install/dynamixel_sdk:/opt/ros/humble LD_LIBRARY_PATH=/home/xzs/turtlebot3_ws/install/turtlebot3_msgs/lib:/home/xzs/turtlebot3_ws/install/dynamixel_sdk/lib:${LD_LIBRARY_PATH} PYTHONPATH=/home/xzs/turtlebot3_ws/install/turtlebot3_msgs/local/lib/python3.10/dist-packages:/home/xzs/turtlebot3_ws/install/dynamixel_sdk/local/lib/python3.10/dist-packages:${PYTHONPATH} /usr/bin/cmake --install /home/xzs/turtlebot3_ws/build/turtlebot3_bringup
[0.452s] -- Install configuration: ""
[0.452s] -- Execute custom install script
[0.452s] -- Symlinking: /home/xzs/turtlebot3_ws/install/turtlebot3_bringup/share/turtlebot3_bringup/launch/camera.launch.py
[0.458s] -- Symlinking: /home/xzs/turtlebot3_ws/install/turtlebot3_bringup/share/turtlebot3_bringup/launch/robot.launch.py
[0.463s] -- Symlinking: /home/xzs/turtlebot3_ws/install/turtlebot3_bringup/share/turtlebot3_bringup/launch/rviz2.launch.py
[0.468s] -- Symlinking: /home/xzs/turtlebot3_ws/install/turtlebot3_bringup/share/turtlebot3_bringup/launch/turtlebot3_state_publisher.launch.py
[0.474s] -- Symlinking: /home/xzs/turtlebot3_ws/install/turtlebot3_bringup/share/turtlebot3_bringup/param/burger.yaml
[0.480s] -- Symlinking: /home/xzs/turtlebot3_ws/install/turtlebot3_bringup/share/turtlebot3_bringup/param/humble/burger.yaml
[0.486s] -- Symlinking: /home/xzs/turtlebot3_ws/install/turtlebot3_bringup/share/turtlebot3_bringup/param/humble/waffle.yaml
[0.492s] -- Symlinking: /home/xzs/turtlebot3_ws/install/turtlebot3_bringup/share/turtlebot3_bringup/param/humble/waffle_pi.yaml
[0.498s] -- Symlinking: /home/xzs/turtlebot3_ws/install/turtlebot3_bringup/share/turtlebot3_bringup/param/waffle.yaml
[0.504s] -- Symlinking: /home/xzs/turtlebot3_ws/install/turtlebot3_bringup/share/turtlebot3_bringup/param/waffle_pi.yaml
[0.511s] -- Symlinking: /home/xzs/turtlebot3_ws/install/turtlebot3_bringup/share/turtlebot3_bringup/script/99-turtlebot3-cdc.rules
[0.517s] -- Symlinking: /home/xzs/turtlebot3_ws/install/turtlebot3_bringup/share/turtlebot3_bringup/script/create_udev_rules
[0.523s] -- Symlinking: /home/xzs/turtlebot3_ws/install/turtlebot3_bringup/share/ament_index/resource_index/package_run_dependencies/turtlebot3_bringup
[0.529s] -- Symlinking: /home/xzs/turtlebot3_ws/install/turtlebot3_bringup/share/ament_index/resource_index/parent_prefix_path/turtlebot3_bringup
[0.535s] -- Symlinking: /home/xzs/turtlebot3_ws/install/turtlebot3_bringup/share/turtlebot3_bringup/environment/ament_prefix_path.sh
[0.542s] -- Symlinking: /home/xzs/turtlebot3_ws/install/turtlebot3_bringup/share/turtlebot3_bringup/environment/ament_prefix_path.dsv
[0.548s] -- Symlinking: /home/xzs/turtlebot3_ws/install/turtlebot3_bringup/share/turtlebot3_bringup/environment/path.sh
[0.554s] -- Symlinking: /home/xzs/turtlebot3_ws/install/turtlebot3_bringup/share/turtlebot3_bringup/environment/path.dsv
[0.560s] -- Symlinking: /home/xzs/turtlebot3_ws/install/turtlebot3_bringup/share/turtlebot3_bringup/local_setup.bash
[0.566s] -- Symlinking: /home/xzs/turtlebot3_ws/install/turtlebot3_bringup/share/turtlebot3_bringup/local_setup.sh
[0.572s] -- Symlinking: /home/xzs/turtlebot3_ws/install/turtlebot3_bringup/share/turtlebot3_bringup/local_setup.zsh
[0.578s] -- Symlinking: /home/xzs/turtlebot3_ws/install/turtlebot3_bringup/share/turtlebot3_bringup/local_setup.dsv
[0.585s] -- Symlinking: /home/xzs/turtlebot3_ws/install/turtlebot3_bringup/share/turtlebot3_bringup/package.dsv
[0.591s] -- Symlinking: /home/xzs/turtlebot3_ws/install/turtlebot3_bringup/share/ament_index/resource_index/packages/turtlebot3_bringup
[0.597s] -- Symlinking: /home/xzs/turtlebot3_ws/install/turtlebot3_bringup/share/turtlebot3_bringup/cmake/turtlebot3_bringupConfig.cmake
[0.604s] -- Symlinking: /home/xzs/turtlebot3_ws/install/turtlebot3_bringup/share/turtlebot3_bringup/cmake/turtlebot3_bringupConfig-version.cmake
[0.610s] -- Symlinking: /home/xzs/turtlebot3_ws/install/turtlebot3_bringup/share/turtlebot3_bringup/package.xml
[0.616s] Invoked command in '/home/xzs/turtlebot3_ws/build/turtlebot3_bringup' returned '0': AMENT_PREFIX_PATH=/home/xzs/turtlebot3_ws/install/turtlebot3_node:/home/xzs/turtlebot3_ws/install/turtlebot3_msgs:/home/xzs/turtlebot3_ws/install/turtlebot3_description:/home/xzs/turtlebot3_ws/install/dynamixel_sdk:${AMENT_PREFIX_PATH} CMAKE_PREFIX_PATH=/home/xzs/turtlebot3_ws/install/turtlebot3_node:/home/xzs/turtlebot3_ws/install/turtlebot3_msgs:/home/xzs/turtlebot3_ws/install/turtlebot3_description:/home/xzs/turtlebot3_ws/install/dynamixel_sdk:/opt/ros/humble LD_LIBRARY_PATH=/home/xzs/turtlebot3_ws/install/turtlebot3_msgs/lib:/home/xzs/turtlebot3_ws/install/dynamixel_sdk/lib:${LD_LIBRARY_PATH} PYTHONPATH=/home/xzs/turtlebot3_ws/install/turtlebot3_msgs/local/lib/python3.10/dist-packages:/home/xzs/turtlebot3_ws/install/dynamixel_sdk/local/lib/python3.10/dist-packages:${PYTHONPATH} /usr/bin/cmake --install /home/xzs/turtlebot3_ws/build/turtlebot3_bringup
