[0.013s] Invoking command in '/home/xzs/turtlebot3_ws/build/dynamixel_sdk_examples': AMENT_PREFIX_PATH=/home/xzs/turtlebot3_ws/install/dynamixel_sdk_custom_interfaces:/home/xzs/turtlebot3_ws/install/dynamixel_sdk:${AMENT_PREFIX_PATH} CMAKE_PREFIX_PATH=/home/xzs/turtlebot3_ws/install/dynamixel_sdk_custom_interfaces:/home/xzs/turtlebot3_ws/install/dynamixel_sdk:/opt/ros/humble LD_LIBRARY_PATH=/home/xzs/turtlebot3_ws/install/dynamixel_sdk_custom_interfaces/lib:/home/xzs/turtlebot3_ws/install/dynamixel_sdk/lib:${LD_LIBRARY_PATH} PYTHONPATH=/home/xzs/turtlebot3_ws/install/dynamixel_sdk_custom_interfaces/local/lib/python3.10/dist-packages:/home/xzs/turtlebot3_ws/install/dynamixel_sdk/local/lib/python3.10/dist-packages:${PYTHONPATH} /usr/bin/cmake /home/xzs/turtlebot3_ws/src/DynamixelSDK/ros/dynamixel_sdk_examples -DAMENT_CMAKE_SYMLINK_INSTALL=1 -DCMAKE_INSTALL_PREFIX=/home/xzs/turtlebot3_ws/install/dynamixel_sdk_examples
[0.076s] -- The C compiler identification is GNU 11.4.0
[0.140s] -- The CXX compiler identification is GNU 11.4.0
[0.148s] -- Detecting C compiler ABI info
[0.215s] -- Detecting C compiler ABI info - done
[0.221s] -- Check for working C compiler: /usr/bin/cc - skipped
[0.222s] -- Detecting C compile features
[0.222s] -- Detecting C compile features - done
[0.224s] -- Detecting CXX compiler ABI info
[0.283s] -- Detecting CXX compiler ABI info - done
[0.290s] -- Check for working CXX compiler: /usr/bin/c++ - skipped
[0.290s] -- Detecting CXX compile features
[0.290s] -- Detecting CXX compile features - done
[0.292s] -- Found ament_cmake: 1.3.12 (/opt/ros/humble/share/ament_cmake/cmake)
[0.408s] -- Found Python3: /usr/bin/python3 (found version "3.10.12") found components: Interpreter 
[0.456s] -- Override CMake install command with custom implementation using symlinks instead of copying resources
[0.474s] -- Found dynamixel_sdk: 3.8.4 (/home/xzs/turtlebot3_ws/install/dynamixel_sdk/share/dynamixel_sdk/cmake)
[0.475s] -- Found dynamixel_sdk_custom_interfaces: 3.8.4 (/home/xzs/turtlebot3_ws/install/dynamixel_sdk_custom_interfaces/share/dynamixel_sdk_custom_interfaces/cmake)
[0.500s] -- Found rosidl_generator_c: 3.1.7 (/opt/ros/humble/share/rosidl_generator_c/cmake)
[0.504s] -- Found rosidl_adapter: 3.1.7 (/opt/ros/humble/share/rosidl_adapter/cmake)
[0.510s] -- Found rosidl_generator_cpp: 3.1.7 (/opt/ros/humble/share/rosidl_generator_cpp/cmake)
[0.519s] -- Using all available rosidl_typesupport_c: rosidl_typesupport_fastrtps_c;rosidl_typesupport_introspection_c
[0.530s] -- Using all available rosidl_typesupport_cpp: rosidl_typesupport_fastrtps_cpp;rosidl_typesupport_introspection_cpp
[0.550s] -- Found rclcpp: 16.0.16 (/opt/ros/humble/share/rclcpp/cmake)
[0.579s] -- Found rmw_implementation_cmake: 6.1.2 (/opt/ros/humble/share/rmw_implementation_cmake/cmake)
[0.580s] -- Found rmw_fastrtps_cpp: 6.2.9 (/opt/ros/humble/share/rmw_fastrtps_cpp/cmake)
[0.654s] -- Found OpenSSL: /usr/lib/x86_64-linux-gnu/libcrypto.so (found version "3.0.2")  
[0.672s] -- Found FastRTPS: /opt/ros/humble/include  
[0.700s] -- Using RMW implementation 'rmw_fastrtps_cpp' as default
[0.705s] -- Looking for pthread.h
[0.751s] -- Looking for pthread.h - found
[0.751s] -- Performing Test CMAKE_HAVE_LIBC_PTHREAD
[0.797s] -- Performing Test CMAKE_HAVE_LIBC_PTHREAD - Success
[0.798s] -- Found Threads: TRUE  
[0.837s] -- Found rclpy: 3.3.19 (/opt/ros/humble/share/rclpy/cmake)
[0.838s] -- Found ament_lint_auto: 0.12.14 (/opt/ros/humble/share/ament_lint_auto/cmake)
[0.897s] -- Added test 'copyright' to check source files copyright and LICENSE
[0.897s] -- Added test 'cppcheck' to perform static code analysis on C / C++ code
[0.897s] -- Configured cppcheck include dirs: /home/xzs/turtlebot3_ws/src/DynamixelSDK/ros/dynamixel_sdk_examples/include
[0.897s] -- Configured cppcheck exclude dirs and/or files: 
[0.898s] -- Added test 'cpplint' to check C / C++ code against the Google style
[0.898s] -- Configured cpplint exclude dirs and/or files: 
[0.898s] -- Added test 'flake8' to check Python code syntax and style conventions
[0.899s] -- Added test 'lint_cmake' to check CMake code style
[0.899s] -- Added test 'pep257' to check Python code against some of the docstring style conventions in PEP 257
[0.899s] -- Added test 'uncrustify' to check C / C++ code style
[0.899s] -- Configured uncrustify additional arguments: 
[0.900s] -- Added test 'xmllint' to check XML markup files
[0.901s] -- Configuring done
[0.906s] -- Generating done
[0.909s] -- Build files have been written to: /home/xzs/turtlebot3_ws/build/dynamixel_sdk_examples
[0.915s] Invoked command in '/home/xzs/turtlebot3_ws/build/dynamixel_sdk_examples' returned '0': AMENT_PREFIX_PATH=/home/xzs/turtlebot3_ws/install/dynamixel_sdk_custom_interfaces:/home/xzs/turtlebot3_ws/install/dynamixel_sdk:${AMENT_PREFIX_PATH} CMAKE_PREFIX_PATH=/home/xzs/turtlebot3_ws/install/dynamixel_sdk_custom_interfaces:/home/xzs/turtlebot3_ws/install/dynamixel_sdk:/opt/ros/humble LD_LIBRARY_PATH=/home/xzs/turtlebot3_ws/install/dynamixel_sdk_custom_interfaces/lib:/home/xzs/turtlebot3_ws/install/dynamixel_sdk/lib:${LD_LIBRARY_PATH} PYTHONPATH=/home/xzs/turtlebot3_ws/install/dynamixel_sdk_custom_interfaces/local/lib/python3.10/dist-packages:/home/xzs/turtlebot3_ws/install/dynamixel_sdk/local/lib/python3.10/dist-packages:${PYTHONPATH} /usr/bin/cmake /home/xzs/turtlebot3_ws/src/DynamixelSDK/ros/dynamixel_sdk_examples -DAMENT_CMAKE_SYMLINK_INSTALL=1 -DCMAKE_INSTALL_PREFIX=/home/xzs/turtlebot3_ws/install/dynamixel_sdk_examples
[0.916s] Invoking command in '/home/xzs/turtlebot3_ws/build/dynamixel_sdk_examples': AMENT_PREFIX_PATH=/home/xzs/turtlebot3_ws/install/dynamixel_sdk_custom_interfaces:/home/xzs/turtlebot3_ws/install/dynamixel_sdk:${AMENT_PREFIX_PATH} CMAKE_PREFIX_PATH=/home/xzs/turtlebot3_ws/install/dynamixel_sdk_custom_interfaces:/home/xzs/turtlebot3_ws/install/dynamixel_sdk:/opt/ros/humble LD_LIBRARY_PATH=/home/xzs/turtlebot3_ws/install/dynamixel_sdk_custom_interfaces/lib:/home/xzs/turtlebot3_ws/install/dynamixel_sdk/lib:${LD_LIBRARY_PATH} PYTHONPATH=/home/xzs/turtlebot3_ws/install/dynamixel_sdk_custom_interfaces/local/lib/python3.10/dist-packages:/home/xzs/turtlebot3_ws/install/dynamixel_sdk/local/lib/python3.10/dist-packages:${PYTHONPATH} /usr/bin/cmake --build /home/xzs/turtlebot3_ws/build/dynamixel_sdk_examples -- -j16 -l16
[0.947s] [ 50%] [32mBuilding CXX object CMakeFiles/read_write_node.dir/src/read_write_node.cpp.o[0m
[8.851s] [100%] [32m[1mLinking CXX executable read_write_node[0m
[9.145s] [100%] Built target read_write_node
[9.158s] Invoked command in '/home/xzs/turtlebot3_ws/build/dynamixel_sdk_examples' returned '0': AMENT_PREFIX_PATH=/home/xzs/turtlebot3_ws/install/dynamixel_sdk_custom_interfaces:/home/xzs/turtlebot3_ws/install/dynamixel_sdk:${AMENT_PREFIX_PATH} CMAKE_PREFIX_PATH=/home/xzs/turtlebot3_ws/install/dynamixel_sdk_custom_interfaces:/home/xzs/turtlebot3_ws/install/dynamixel_sdk:/opt/ros/humble LD_LIBRARY_PATH=/home/xzs/turtlebot3_ws/install/dynamixel_sdk_custom_interfaces/lib:/home/xzs/turtlebot3_ws/install/dynamixel_sdk/lib:${LD_LIBRARY_PATH} PYTHONPATH=/home/xzs/turtlebot3_ws/install/dynamixel_sdk_custom_interfaces/local/lib/python3.10/dist-packages:/home/xzs/turtlebot3_ws/install/dynamixel_sdk/local/lib/python3.10/dist-packages:${PYTHONPATH} /usr/bin/cmake --build /home/xzs/turtlebot3_ws/build/dynamixel_sdk_examples -- -j16 -l16
[9.159s] Invoking command in '/home/xzs/turtlebot3_ws/build/dynamixel_sdk_examples': AMENT_PREFIX_PATH=/home/xzs/turtlebot3_ws/install/dynamixel_sdk_custom_interfaces:/home/xzs/turtlebot3_ws/install/dynamixel_sdk:${AMENT_PREFIX_PATH} CMAKE_PREFIX_PATH=/home/xzs/turtlebot3_ws/install/dynamixel_sdk_custom_interfaces:/home/xzs/turtlebot3_ws/install/dynamixel_sdk:/opt/ros/humble LD_LIBRARY_PATH=/home/xzs/turtlebot3_ws/install/dynamixel_sdk_custom_interfaces/lib:/home/xzs/turtlebot3_ws/install/dynamixel_sdk/lib:${LD_LIBRARY_PATH} PYTHONPATH=/home/xzs/turtlebot3_ws/install/dynamixel_sdk_custom_interfaces/local/lib/python3.10/dist-packages:/home/xzs/turtlebot3_ws/install/dynamixel_sdk/local/lib/python3.10/dist-packages:${PYTHONPATH} /usr/bin/cmake --install /home/xzs/turtlebot3_ws/build/dynamixel_sdk_examples
[9.164s] -- Install configuration: ""
[9.165s] -- Execute custom install script
[9.165s] -- Symlinking: /home/xzs/turtlebot3_ws/install/dynamixel_sdk_examples/lib/dynamixel_sdk_examples/read_write_node
[9.172s] -- Symlinking: /home/xzs/turtlebot3_ws/install/dynamixel_sdk_examples/lib/dynamixel_sdk_examples/read_write_node.py
[9.178s] -- Symlinking: /home/xzs/turtlebot3_ws/install/dynamixel_sdk_examples/share/ament_index/resource_index/package_run_dependencies/dynamixel_sdk_examples
[9.184s] -- Symlinking: /home/xzs/turtlebot3_ws/install/dynamixel_sdk_examples/share/ament_index/resource_index/parent_prefix_path/dynamixel_sdk_examples
[9.191s] -- Symlinking: /home/xzs/turtlebot3_ws/install/dynamixel_sdk_examples/share/dynamixel_sdk_examples/environment/ament_prefix_path.sh
[9.197s] -- Symlinking: /home/xzs/turtlebot3_ws/install/dynamixel_sdk_examples/share/dynamixel_sdk_examples/environment/ament_prefix_path.dsv
[9.203s] -- Symlinking: /home/xzs/turtlebot3_ws/install/dynamixel_sdk_examples/share/dynamixel_sdk_examples/environment/path.sh
[9.210s] -- Symlinking: /home/xzs/turtlebot3_ws/install/dynamixel_sdk_examples/share/dynamixel_sdk_examples/environment/path.dsv
[9.216s] -- Symlinking: /home/xzs/turtlebot3_ws/install/dynamixel_sdk_examples/share/dynamixel_sdk_examples/local_setup.bash
[9.222s] -- Symlinking: /home/xzs/turtlebot3_ws/install/dynamixel_sdk_examples/share/dynamixel_sdk_examples/local_setup.sh
[9.229s] -- Symlinking: /home/xzs/turtlebot3_ws/install/dynamixel_sdk_examples/share/dynamixel_sdk_examples/local_setup.zsh
[9.235s] -- Symlinking: /home/xzs/turtlebot3_ws/install/dynamixel_sdk_examples/share/dynamixel_sdk_examples/local_setup.dsv
[9.241s] -- Symlinking: /home/xzs/turtlebot3_ws/install/dynamixel_sdk_examples/share/dynamixel_sdk_examples/package.dsv
[9.247s] -- Symlinking: /home/xzs/turtlebot3_ws/install/dynamixel_sdk_examples/share/ament_index/resource_index/packages/dynamixel_sdk_examples
[9.253s] -- Symlinking: /home/xzs/turtlebot3_ws/install/dynamixel_sdk_examples/share/dynamixel_sdk_examples/cmake/dynamixel_sdk_examplesConfig.cmake
[9.260s] -- Symlinking: /home/xzs/turtlebot3_ws/install/dynamixel_sdk_examples/share/dynamixel_sdk_examples/cmake/dynamixel_sdk_examplesConfig-version.cmake
[9.267s] -- Symlinking: /home/xzs/turtlebot3_ws/install/dynamixel_sdk_examples/share/dynamixel_sdk_examples/package.xml
[9.274s] Invoked command in '/home/xzs/turtlebot3_ws/build/dynamixel_sdk_examples' returned '0': AMENT_PREFIX_PATH=/home/xzs/turtlebot3_ws/install/dynamixel_sdk_custom_interfaces:/home/xzs/turtlebot3_ws/install/dynamixel_sdk:${AMENT_PREFIX_PATH} CMAKE_PREFIX_PATH=/home/xzs/turtlebot3_ws/install/dynamixel_sdk_custom_interfaces:/home/xzs/turtlebot3_ws/install/dynamixel_sdk:/opt/ros/humble LD_LIBRARY_PATH=/home/xzs/turtlebot3_ws/install/dynamixel_sdk_custom_interfaces/lib:/home/xzs/turtlebot3_ws/install/dynamixel_sdk/lib:${LD_LIBRARY_PATH} PYTHONPATH=/home/xzs/turtlebot3_ws/install/dynamixel_sdk_custom_interfaces/local/lib/python3.10/dist-packages:/home/xzs/turtlebot3_ws/install/dynamixel_sdk/local/lib/python3.10/dist-packages:${PYTHONPATH} /usr/bin/cmake --install /home/xzs/turtlebot3_ws/build/dynamixel_sdk_examples
