[0.462s] Invoking command in '/home/xzs/turtlebot3_ws/build/turtlebot3_fake_node': CMAKE_PREFIX_PATH=/home/xzs/turtlebot3_ws/install/turtlebot3_msgs:/home/xzs/turtlebot3_ws/install/turtlebot3:/home/xzs/turtlebot3_ws/install/turtlebot3_simulations:/home/xzs/turtlebot3_ws/install/turtlebot3_bringup:/home/xzs/turtlebot3_ws/install/turtlebot3_node:/home/xzs/turtlebot3_ws/install/turtlebot3_navigation2:/home/xzs/turtlebot3_ws/install/turtlebot3_fake_node:/home/xzs/turtlebot3_ws/install/turtlebot3_manipulation_gazebo:/home/xzs/turtlebot3_ws/install/turtlebot3_gazebo:/home/xzs/turtlebot3_ws/install/turtlebot3_description:/home/xzs/turtlebot3_ws/install/turtlebot3_cartographer:/home/xzs/turtlebot3_ws/install/dynamixel_sdk_examples:/home/xzs/turtlebot3_ws/install/dynamixel_sdk_custom_interfaces:/home/xzs/turtlebot3_ws/install/dynamixel_sdk:/home/xzs/turtlebot3_ws/install/turtlebot3_teleop:/home/xzs/turtlebot3_ws/install/turtlebot3_example:/opt/ros/humble LD_LIBRARY_PATH=/home/xzs/turtlebot3_ws/install/turtlebot3_msgs/lib:/home/xzs/turtlebot3_ws/install/dynamixel_sdk_custom_interfaces/lib:/home/xzs/turtlebot3_ws/install/dynamixel_sdk/lib:/usr/lib/x86_64-linux-gnu/gazebo-11/plugins:/opt/ros/humble/opt/rviz_ogre_vendor/lib:/opt/ros/humble/lib/x86_64-linux-gnu:/opt/ros/humble/lib:/usr/lib/x86_64-linux-gnu/gazebo-11/plugins /usr/bin/cmake --build /home/xzs/turtlebot3_ws/build/turtlebot3_fake_node -- -j16 -l16
[0.623s] [35m[1mConsolidate compiler generated dependencies of target turtlebot3_fake_node[0m
[0.637s] [100%] Built target turtlebot3_fake_node
[0.644s] Invoked command in '/home/xzs/turtlebot3_ws/build/turtlebot3_fake_node' returned '0': CMAKE_PREFIX_PATH=/home/xzs/turtlebot3_ws/install/turtlebot3_msgs:/home/xzs/turtlebot3_ws/install/turtlebot3:/home/xzs/turtlebot3_ws/install/turtlebot3_simulations:/home/xzs/turtlebot3_ws/install/turtlebot3_bringup:/home/xzs/turtlebot3_ws/install/turtlebot3_node:/home/xzs/turtlebot3_ws/install/turtlebot3_navigation2:/home/xzs/turtlebot3_ws/install/turtlebot3_fake_node:/home/xzs/turtlebot3_ws/install/turtlebot3_manipulation_gazebo:/home/xzs/turtlebot3_ws/install/turtlebot3_gazebo:/home/xzs/turtlebot3_ws/install/turtlebot3_description:/home/xzs/turtlebot3_ws/install/turtlebot3_cartographer:/home/xzs/turtlebot3_ws/install/dynamixel_sdk_examples:/home/xzs/turtlebot3_ws/install/dynamixel_sdk_custom_interfaces:/home/xzs/turtlebot3_ws/install/dynamixel_sdk:/home/xzs/turtlebot3_ws/install/turtlebot3_teleop:/home/xzs/turtlebot3_ws/install/turtlebot3_example:/opt/ros/humble LD_LIBRARY_PATH=/home/xzs/turtlebot3_ws/install/turtlebot3_msgs/lib:/home/xzs/turtlebot3_ws/install/dynamixel_sdk_custom_interfaces/lib:/home/xzs/turtlebot3_ws/install/dynamixel_sdk/lib:/usr/lib/x86_64-linux-gnu/gazebo-11/plugins:/opt/ros/humble/opt/rviz_ogre_vendor/lib:/opt/ros/humble/lib/x86_64-linux-gnu:/opt/ros/humble/lib:/usr/lib/x86_64-linux-gnu/gazebo-11/plugins /usr/bin/cmake --build /home/xzs/turtlebot3_ws/build/turtlebot3_fake_node -- -j16 -l16
[0.646s] Invoking command in '/home/xzs/turtlebot3_ws/build/turtlebot3_fake_node': CMAKE_PREFIX_PATH=/home/xzs/turtlebot3_ws/install/turtlebot3_msgs:/home/xzs/turtlebot3_ws/install/turtlebot3:/home/xzs/turtlebot3_ws/install/turtlebot3_simulations:/home/xzs/turtlebot3_ws/install/turtlebot3_bringup:/home/xzs/turtlebot3_ws/install/turtlebot3_node:/home/xzs/turtlebot3_ws/install/turtlebot3_navigation2:/home/xzs/turtlebot3_ws/install/turtlebot3_fake_node:/home/xzs/turtlebot3_ws/install/turtlebot3_manipulation_gazebo:/home/xzs/turtlebot3_ws/install/turtlebot3_gazebo:/home/xzs/turtlebot3_ws/install/turtlebot3_description:/home/xzs/turtlebot3_ws/install/turtlebot3_cartographer:/home/xzs/turtlebot3_ws/install/dynamixel_sdk_examples:/home/xzs/turtlebot3_ws/install/dynamixel_sdk_custom_interfaces:/home/xzs/turtlebot3_ws/install/dynamixel_sdk:/home/xzs/turtlebot3_ws/install/turtlebot3_teleop:/home/xzs/turtlebot3_ws/install/turtlebot3_example:/opt/ros/humble LD_LIBRARY_PATH=/home/xzs/turtlebot3_ws/install/turtlebot3_msgs/lib:/home/xzs/turtlebot3_ws/install/dynamixel_sdk_custom_interfaces/lib:/home/xzs/turtlebot3_ws/install/dynamixel_sdk/lib:/usr/lib/x86_64-linux-gnu/gazebo-11/plugins:/opt/ros/humble/opt/rviz_ogre_vendor/lib:/opt/ros/humble/lib/x86_64-linux-gnu:/opt/ros/humble/lib:/usr/lib/x86_64-linux-gnu/gazebo-11/plugins /usr/bin/cmake --install /home/xzs/turtlebot3_ws/build/turtlebot3_fake_node
[0.659s] -- Install configuration: ""
[0.660s] -- Execute custom install script
[0.661s] -- Up-to-date symlink: /home/xzs/turtlebot3_ws/install/turtlebot3_fake_node/lib/turtlebot3_fake_node/turtlebot3_fake_node
[0.661s] -- Up-to-date symlink: /home/xzs/turtlebot3_ws/install/turtlebot3_fake_node/share/turtlebot3_fake_node/launch/rviz2.launch.py
[0.661s] -- Up-to-date symlink: /home/xzs/turtlebot3_ws/install/turtlebot3_fake_node/share/turtlebot3_fake_node/launch/turtlebot3_fake_node.launch.py
[0.661s] -- Up-to-date symlink: /home/xzs/turtlebot3_ws/install/turtlebot3_fake_node/share/turtlebot3_fake_node/param/burger.yaml
[0.661s] -- Up-to-date symlink: /home/xzs/turtlebot3_ws/install/turtlebot3_fake_node/share/turtlebot3_fake_node/param/waffle.yaml
[0.661s] -- Up-to-date symlink: /home/xzs/turtlebot3_ws/install/turtlebot3_fake_node/share/turtlebot3_fake_node/param/waffle_pi.yaml
[0.662s] -- Up-to-date symlink: /home/xzs/turtlebot3_ws/install/turtlebot3_fake_node/include//turtlebot3_fake_node/turtlebot3_fake_node.hpp
[0.662s] -- Up-to-date symlink: /home/xzs/turtlebot3_ws/install/turtlebot3_fake_node/share/ament_index/resource_index/package_run_dependencies/turtlebot3_fake_node
[0.662s] -- Up-to-date symlink: /home/xzs/turtlebot3_ws/install/turtlebot3_fake_node/share/ament_index/resource_index/parent_prefix_path/turtlebot3_fake_node
[0.662s] -- Up-to-date symlink: /home/xzs/turtlebot3_ws/install/turtlebot3_fake_node/share/turtlebot3_fake_node/environment/ament_prefix_path.sh
[0.662s] -- Up-to-date symlink: /home/xzs/turtlebot3_ws/install/turtlebot3_fake_node/share/turtlebot3_fake_node/environment/ament_prefix_path.dsv
[0.662s] -- Up-to-date symlink: /home/xzs/turtlebot3_ws/install/turtlebot3_fake_node/share/turtlebot3_fake_node/environment/path.sh
[0.663s] -- Up-to-date symlink: /home/xzs/turtlebot3_ws/install/turtlebot3_fake_node/share/turtlebot3_fake_node/environment/path.dsv
[0.663s] -- Up-to-date symlink: /home/xzs/turtlebot3_ws/install/turtlebot3_fake_node/share/turtlebot3_fake_node/local_setup.bash
[0.663s] -- Up-to-date symlink: /home/xzs/turtlebot3_ws/install/turtlebot3_fake_node/share/turtlebot3_fake_node/local_setup.sh
[0.663s] -- Up-to-date symlink: /home/xzs/turtlebot3_ws/install/turtlebot3_fake_node/share/turtlebot3_fake_node/local_setup.zsh
[0.663s] -- Up-to-date symlink: /home/xzs/turtlebot3_ws/install/turtlebot3_fake_node/share/turtlebot3_fake_node/local_setup.dsv
[0.663s] -- Symlinking: /home/xzs/turtlebot3_ws/install/turtlebot3_fake_node/share/turtlebot3_fake_node/package.dsv
[0.670s] -- Up-to-date symlink: /home/xzs/turtlebot3_ws/install/turtlebot3_fake_node/share/ament_index/resource_index/packages/turtlebot3_fake_node
[0.670s] -- Up-to-date symlink: /home/xzs/turtlebot3_ws/install/turtlebot3_fake_node/share/turtlebot3_fake_node/cmake/ament_cmake_export_include_directories-extras.cmake
[0.670s] -- Up-to-date symlink: /home/xzs/turtlebot3_ws/install/turtlebot3_fake_node/share/turtlebot3_fake_node/cmake/ament_cmake_export_dependencies-extras.cmake
[0.670s] -- Up-to-date symlink: /home/xzs/turtlebot3_ws/install/turtlebot3_fake_node/share/turtlebot3_fake_node/cmake/turtlebot3_fake_nodeConfig.cmake
[0.670s] -- Up-to-date symlink: /home/xzs/turtlebot3_ws/install/turtlebot3_fake_node/share/turtlebot3_fake_node/cmake/turtlebot3_fake_nodeConfig-version.cmake
[0.670s] -- Up-to-date symlink: /home/xzs/turtlebot3_ws/install/turtlebot3_fake_node/share/turtlebot3_fake_node/package.xml
[0.672s] Invoked command in '/home/xzs/turtlebot3_ws/build/turtlebot3_fake_node' returned '0': CMAKE_PREFIX_PATH=/home/xzs/turtlebot3_ws/install/turtlebot3_msgs:/home/xzs/turtlebot3_ws/install/turtlebot3:/home/xzs/turtlebot3_ws/install/turtlebot3_simulations:/home/xzs/turtlebot3_ws/install/turtlebot3_bringup:/home/xzs/turtlebot3_ws/install/turtlebot3_node:/home/xzs/turtlebot3_ws/install/turtlebot3_navigation2:/home/xzs/turtlebot3_ws/install/turtlebot3_fake_node:/home/xzs/turtlebot3_ws/install/turtlebot3_manipulation_gazebo:/home/xzs/turtlebot3_ws/install/turtlebot3_gazebo:/home/xzs/turtlebot3_ws/install/turtlebot3_description:/home/xzs/turtlebot3_ws/install/turtlebot3_cartographer:/home/xzs/turtlebot3_ws/install/dynamixel_sdk_examples:/home/xzs/turtlebot3_ws/install/dynamixel_sdk_custom_interfaces:/home/xzs/turtlebot3_ws/install/dynamixel_sdk:/home/xzs/turtlebot3_ws/install/turtlebot3_teleop:/home/xzs/turtlebot3_ws/install/turtlebot3_example:/opt/ros/humble LD_LIBRARY_PATH=/home/xzs/turtlebot3_ws/install/turtlebot3_msgs/lib:/home/xzs/turtlebot3_ws/install/dynamixel_sdk_custom_interfaces/lib:/home/xzs/turtlebot3_ws/install/dynamixel_sdk/lib:/usr/lib/x86_64-linux-gnu/gazebo-11/plugins:/opt/ros/humble/opt/rviz_ogre_vendor/lib:/opt/ros/humble/lib/x86_64-linux-gnu:/opt/ros/humble/lib:/usr/lib/x86_64-linux-gnu/gazebo-11/plugins /usr/bin/cmake --install /home/xzs/turtlebot3_ws/build/turtlebot3_fake_node
