[0.105s] Invoking command in '/home/xzs/turtlebot3_ws/build/dynamixel_sdk': CMAKE_PREFIX_PATH=${CMAKE_PREFIX_PATH}:/home/xzs/turtlebot3_ws/install/turtlebot3_teleop:/home/xzs/turtlebot3_ws/install/turtlebot3_example:/opt/ros/humble /usr/bin/cmake --build /home/xzs/turtlebot3_ws/build/dynamixel_sdk -- -j16 -l16
[0.870s] [  0%] Built target ament_cmake_python_symlink_dynamixel_sdk
[0.870s] [35m[1mConsolidate compiler generated dependencies of target dynamixel_sdk[0m
[1.081s] running egg_info
[1.081s] writing dynamixel_sdk.egg-info/PKG-INFO
[1.081s] writing dependency_links to dynamixel_sdk.egg-info/dependency_links.txt
[1.082s] writing top-level names to dynamixel_sdk.egg-info/top_level.txt
[1.083s] reading manifest file 'dynamixel_sdk.egg-info/SOURCES.txt'
[1.126s] [100%] Built target dynamixel_sdk
[1.126s] writing manifest file 'dynamixel_sdk.egg-info/SOURCES.txt'
[1.146s] [100%] Built target ament_cmake_python_build_dynamixel_sdk_egg
[1.155s] Invoked command in '/home/xzs/turtlebot3_ws/build/dynamixel_sdk' returned '0': CMAKE_PREFIX_PATH=${CMAKE_PREFIX_PATH}:/home/xzs/turtlebot3_ws/install/turtlebot3_teleop:/home/xzs/turtlebot3_ws/install/turtlebot3_example:/opt/ros/humble /usr/bin/cmake --build /home/xzs/turtlebot3_ws/build/dynamixel_sdk -- -j16 -l16
[1.167s] Invoking command in '/home/xzs/turtlebot3_ws/build/dynamixel_sdk': CMAKE_PREFIX_PATH=${CMAKE_PREFIX_PATH}:/home/xzs/turtlebot3_ws/install/turtlebot3_teleop:/home/xzs/turtlebot3_ws/install/turtlebot3_example:/opt/ros/humble /usr/bin/cmake --install /home/xzs/turtlebot3_ws/build/dynamixel_sdk
[1.177s] -- Install configuration: ""
[1.190s] -- Execute custom install script
[1.191s] -- Up-to-date symlink: /home/xzs/turtlebot3_ws/install/dynamixel_sdk/include//dynamixel_sdk/dynamixel_sdk.h
[1.191s] -- Up-to-date symlink: /home/xzs/turtlebot3_ws/install/dynamixel_sdk/include//dynamixel_sdk/group_bulk_read.h
[1.191s] -- Up-to-date symlink: /home/xzs/turtlebot3_ws/install/dynamixel_sdk/include//dynamixel_sdk/group_bulk_write.h
[1.191s] -- Up-to-date symlink: /home/xzs/turtlebot3_ws/install/dynamixel_sdk/include//dynamixel_sdk/group_fast_bulk_read.h
[1.191s] -- Up-to-date symlink: /home/xzs/turtlebot3_ws/install/dynamixel_sdk/include//dynamixel_sdk/group_fast_sync_read.h
[1.191s] -- Up-to-date symlink: /home/xzs/turtlebot3_ws/install/dynamixel_sdk/include//dynamixel_sdk/group_handler.h
[1.192s] -- Up-to-date symlink: /home/xzs/turtlebot3_ws/install/dynamixel_sdk/include//dynamixel_sdk/group_sync_read.h
[1.192s] -- Up-to-date symlink: /home/xzs/turtlebot3_ws/install/dynamixel_sdk/include//dynamixel_sdk/group_sync_write.h
[1.192s] -- Up-to-date symlink: /home/xzs/turtlebot3_ws/install/dynamixel_sdk/include//dynamixel_sdk/packet_handler.h
[1.192s] -- Up-to-date symlink: /home/xzs/turtlebot3_ws/install/dynamixel_sdk/include//dynamixel_sdk/port_handler.h
[1.192s] -- Up-to-date symlink: /home/xzs/turtlebot3_ws/install/dynamixel_sdk/include//dynamixel_sdk/port_handler_arduino.h
[1.192s] -- Up-to-date symlink: /home/xzs/turtlebot3_ws/install/dynamixel_sdk/include//dynamixel_sdk/port_handler_linux.h
[1.192s] -- Up-to-date symlink: /home/xzs/turtlebot3_ws/install/dynamixel_sdk/include//dynamixel_sdk/port_handler_mac.h
[1.192s] -- Up-to-date symlink: /home/xzs/turtlebot3_ws/install/dynamixel_sdk/include//dynamixel_sdk/port_handler_windows.h
[1.193s] -- Up-to-date symlink: /home/xzs/turtlebot3_ws/install/dynamixel_sdk/include//dynamixel_sdk/protocol1_packet_handler.h
[1.193s] -- Up-to-date symlink: /home/xzs/turtlebot3_ws/install/dynamixel_sdk/include//dynamixel_sdk/protocol2_packet_handler.h
[1.193s] -- Up-to-date symlink: /home/xzs/turtlebot3_ws/install/dynamixel_sdk/share/dynamixel_sdk/environment/pythonpath.sh
[1.193s] -- Up-to-date symlink: /home/xzs/turtlebot3_ws/install/dynamixel_sdk/share/dynamixel_sdk/environment/pythonpath.dsv
[1.193s] -- Up-to-date symlink: /home/xzs/turtlebot3_ws/install/dynamixel_sdk/local/lib/python3.10/dist-packages/dynamixel_sdk-3.8.4-py3.10.egg-info/PKG-INFO
[1.193s] -- Up-to-date symlink: /home/xzs/turtlebot3_ws/install/dynamixel_sdk/local/lib/python3.10/dist-packages/dynamixel_sdk-3.8.4-py3.10.egg-info/SOURCES.txt
[1.193s] -- Up-to-date symlink: /home/xzs/turtlebot3_ws/install/dynamixel_sdk/local/lib/python3.10/dist-packages/dynamixel_sdk-3.8.4-py3.10.egg-info/dependency_links.txt
[1.193s] -- Up-to-date symlink: /home/xzs/turtlebot3_ws/install/dynamixel_sdk/local/lib/python3.10/dist-packages/dynamixel_sdk-3.8.4-py3.10.egg-info/top_level.txt
[1.194s] -- Up-to-date symlink: /home/xzs/turtlebot3_ws/install/dynamixel_sdk/local/lib/python3.10/dist-packages/dynamixel_sdk/__init__.py
[1.194s] -- Up-to-date symlink: /home/xzs/turtlebot3_ws/install/dynamixel_sdk/local/lib/python3.10/dist-packages/dynamixel_sdk/group_bulk_read.cpp
[1.194s] -- Up-to-date symlink: /home/xzs/turtlebot3_ws/install/dynamixel_sdk/local/lib/python3.10/dist-packages/dynamixel_sdk/group_bulk_read.py
[1.194s] -- Up-to-date symlink: /home/xzs/turtlebot3_ws/install/dynamixel_sdk/local/lib/python3.10/dist-packages/dynamixel_sdk/group_bulk_write.cpp
[1.194s] -- Up-to-date symlink: /home/xzs/turtlebot3_ws/install/dynamixel_sdk/local/lib/python3.10/dist-packages/dynamixel_sdk/group_bulk_write.py
[1.194s] -- Up-to-date symlink: /home/xzs/turtlebot3_ws/install/dynamixel_sdk/local/lib/python3.10/dist-packages/dynamixel_sdk/group_fast_bulk_read.cpp
[1.194s] -- Up-to-date symlink: /home/xzs/turtlebot3_ws/install/dynamixel_sdk/local/lib/python3.10/dist-packages/dynamixel_sdk/group_fast_sync_read.cpp
[1.194s] -- Up-to-date symlink: /home/xzs/turtlebot3_ws/install/dynamixel_sdk/local/lib/python3.10/dist-packages/dynamixel_sdk/group_handler.cpp
[1.194s] -- Up-to-date symlink: /home/xzs/turtlebot3_ws/install/dynamixel_sdk/local/lib/python3.10/dist-packages/dynamixel_sdk/group_sync_read.cpp
[1.195s] -- Up-to-date symlink: /home/xzs/turtlebot3_ws/install/dynamixel_sdk/local/lib/python3.10/dist-packages/dynamixel_sdk/group_sync_read.py
[1.195s] -- Up-to-date symlink: /home/xzs/turtlebot3_ws/install/dynamixel_sdk/local/lib/python3.10/dist-packages/dynamixel_sdk/group_sync_write.cpp
[1.195s] -- Up-to-date symlink: /home/xzs/turtlebot3_ws/install/dynamixel_sdk/local/lib/python3.10/dist-packages/dynamixel_sdk/group_sync_write.py
[1.195s] -- Up-to-date symlink: /home/xzs/turtlebot3_ws/install/dynamixel_sdk/local/lib/python3.10/dist-packages/dynamixel_sdk/packet_handler.cpp
[1.195s] -- Up-to-date symlink: /home/xzs/turtlebot3_ws/install/dynamixel_sdk/local/lib/python3.10/dist-packages/dynamixel_sdk/packet_handler.py
[1.195s] -- Up-to-date symlink: /home/xzs/turtlebot3_ws/install/dynamixel_sdk/local/lib/python3.10/dist-packages/dynamixel_sdk/port_handler.cpp
[1.195s] -- Up-to-date symlink: /home/xzs/turtlebot3_ws/install/dynamixel_sdk/local/lib/python3.10/dist-packages/dynamixel_sdk/port_handler.py
[1.195s] -- Up-to-date symlink: /home/xzs/turtlebot3_ws/install/dynamixel_sdk/local/lib/python3.10/dist-packages/dynamixel_sdk/port_handler_arduino.cpp
[1.195s] -- Up-to-date symlink: /home/xzs/turtlebot3_ws/install/dynamixel_sdk/local/lib/python3.10/dist-packages/dynamixel_sdk/port_handler_linux.cpp
[1.195s] -- Up-to-date symlink: /home/xzs/turtlebot3_ws/install/dynamixel_sdk/local/lib/python3.10/dist-packages/dynamixel_sdk/port_handler_mac.cpp
[1.195s] -- Up-to-date symlink: /home/xzs/turtlebot3_ws/install/dynamixel_sdk/local/lib/python3.10/dist-packages/dynamixel_sdk/port_handler_windows.cpp
[1.195s] -- Up-to-date symlink: /home/xzs/turtlebot3_ws/install/dynamixel_sdk/local/lib/python3.10/dist-packages/dynamixel_sdk/protocol1_packet_handler.cpp
[1.195s] -- Up-to-date symlink: /home/xzs/turtlebot3_ws/install/dynamixel_sdk/local/lib/python3.10/dist-packages/dynamixel_sdk/protocol1_packet_handler.py
[1.195s] -- Up-to-date symlink: /home/xzs/turtlebot3_ws/install/dynamixel_sdk/local/lib/python3.10/dist-packages/dynamixel_sdk/protocol2_packet_handler.cpp
[1.195s] -- Up-to-date symlink: /home/xzs/turtlebot3_ws/install/dynamixel_sdk/local/lib/python3.10/dist-packages/dynamixel_sdk/protocol2_packet_handler.py
[1.196s] -- Up-to-date symlink: /home/xzs/turtlebot3_ws/install/dynamixel_sdk/local/lib/python3.10/dist-packages/dynamixel_sdk/robotis_def.py
[1.199s] -- Up-to-date symlink: /home/xzs/turtlebot3_ws/install/dynamixel_sdk/share/dynamixel_sdk/environment/library_path.sh
[1.199s] -- Up-to-date symlink: /home/xzs/turtlebot3_ws/install/dynamixel_sdk/share/dynamixel_sdk/environment/library_path.dsv
[1.199s] -- Up-to-date symlink: /home/xzs/turtlebot3_ws/install/dynamixel_sdk/share/ament_index/resource_index/package_run_dependencies/dynamixel_sdk
[1.199s] -- Up-to-date symlink: /home/xzs/turtlebot3_ws/install/dynamixel_sdk/share/ament_index/resource_index/parent_prefix_path/dynamixel_sdk
[1.210s] -- Up-to-date symlink: /home/xzs/turtlebot3_ws/install/dynamixel_sdk/share/dynamixel_sdk/environment/ament_prefix_path.sh
[1.210s] -- Up-to-date symlink: /home/xzs/turtlebot3_ws/install/dynamixel_sdk/share/dynamixel_sdk/environment/ament_prefix_path.dsv
[1.225s] -- Up-to-date symlink: /home/xzs/turtlebot3_ws/install/dynamixel_sdk/share/dynamixel_sdk/environment/path.sh
[1.225s] -- Up-to-date symlink: /home/xzs/turtlebot3_ws/install/dynamixel_sdk/share/dynamixel_sdk/environment/path.dsv
[1.239s] -- Up-to-date symlink: /home/xzs/turtlebot3_ws/install/dynamixel_sdk/share/dynamixel_sdk/local_setup.bash
[1.240s] -- Up-to-date symlink: /home/xzs/turtlebot3_ws/install/dynamixel_sdk/share/dynamixel_sdk/local_setup.sh
[1.243s] -- Up-to-date symlink: /home/xzs/turtlebot3_ws/install/dynamixel_sdk/share/dynamixel_sdk/local_setup.zsh
[1.243s] -- Up-to-date symlink: /home/xzs/turtlebot3_ws/install/dynamixel_sdk/share/dynamixel_sdk/local_setup.dsv
[1.243s] -- Symlinking: /home/xzs/turtlebot3_ws/install/dynamixel_sdk/share/dynamixel_sdk/package.dsv
[1.250s] -- Up-to-date symlink: /home/xzs/turtlebot3_ws/install/dynamixel_sdk/share/ament_index/resource_index/packages/dynamixel_sdk
[1.306s] -- Up-to-date symlink: /home/xzs/turtlebot3_ws/install/dynamixel_sdk/share/dynamixel_sdk/cmake/ament_cmake_export_targets-extras.cmake
[1.318s] -- Up-to-date symlink: /home/xzs/turtlebot3_ws/install/dynamixel_sdk/share/dynamixel_sdk/cmake/ament_cmake_export_include_directories-extras.cmake
[1.331s] -- Up-to-date symlink: /home/xzs/turtlebot3_ws/install/dynamixel_sdk/share/dynamixel_sdk/cmake/ament_cmake_export_libraries-extras.cmake
[1.374s] -- Up-to-date symlink: /home/xzs/turtlebot3_ws/install/dynamixel_sdk/share/dynamixel_sdk/cmake/dynamixel_sdkConfig.cmake
[1.374s] -- Up-to-date symlink: /home/xzs/turtlebot3_ws/install/dynamixel_sdk/share/dynamixel_sdk/cmake/dynamixel_sdkConfig-version.cmake
[1.374s] -- Up-to-date symlink: /home/xzs/turtlebot3_ws/install/dynamixel_sdk/share/dynamixel_sdk/package.xml
[1.440s] -- Up-to-date: /home/xzs/turtlebot3_ws/install/dynamixel_sdk/lib/libdynamixel_sdk.so
[1.524s] Listing '/home/xzs/turtlebot3_ws/install/dynamixel_sdk/local/lib/python3.10/dist-packages/dynamixel_sdk'...
[1.534s] -- Up-to-date: /home/xzs/turtlebot3_ws/install/dynamixel_sdk/share/dynamixel_sdk/cmake/dynamixel_sdkExport.cmake
[1.534s] -- Up-to-date: /home/xzs/turtlebot3_ws/install/dynamixel_sdk/share/dynamixel_sdk/cmake/dynamixel_sdkExport-noconfig.cmake
[1.535s] Invoked command in '/home/xzs/turtlebot3_ws/build/dynamixel_sdk' returned '0': CMAKE_PREFIX_PATH=${CMAKE_PREFIX_PATH}:/home/xzs/turtlebot3_ws/install/turtlebot3_teleop:/home/xzs/turtlebot3_ws/install/turtlebot3_example:/opt/ros/humble /usr/bin/cmake --install /home/xzs/turtlebot3_ws/build/dynamixel_sdk
