[0.014s] Invoking command in '/home/xzs/turtlebot3_ws/build/turtlebot3_navigation2': CMAKE_PREFIX_PATH=/opt/ros/humble /usr/bin/cmake /home/xzs/turtlebot3_ws/src/turtlebot3/turtlebot3_navigation2 -DAMENT_CMAKE_SYMLINK_INSTALL=1 -DCMAKE_INSTALL_PREFIX=/home/xzs/turtlebot3_ws/install/turtlebot3_navigation2
[0.338s] -- The C compiler identification is GNU 11.4.0
[0.408s] -- The CXX compiler identification is GNU 11.4.0
[0.413s] -- Detecting C compiler ABI info
[0.529s] -- Detecting C compiler ABI info - done
[0.535s] -- Check for working C compiler: /usr/bin/cc - skipped
[0.535s] -- Detecting C compile features
[0.536s] -- Detecting C compile features - done
[0.538s] -- Detecting CXX compiler ABI info
[0.598s] -- Detecting CXX compiler ABI info - done
[0.604s] -- Check for working CXX compiler: /usr/bin/c++ - skipped
[0.604s] -- Detecting CXX compile features
[0.604s] -- Detecting CXX compile features - done
[0.606s] -- Found ament_cmake: 1.3.12 (/opt/ros/humble/share/ament_cmake/cmake)
[0.735s] -- Found Python3: /usr/bin/python3 (found version "3.10.12") found components: Interpreter 
[0.788s] -- Override CMake install command with custom implementation using symlinks instead of copying resources
[0.876s] -- Configuring done
[0.879s] -- Generating done
[0.880s] -- Build files have been written to: /home/xzs/turtlebot3_ws/build/turtlebot3_navigation2
[0.885s] Invoked command in '/home/xzs/turtlebot3_ws/build/turtlebot3_navigation2' returned '0': CMAKE_PREFIX_PATH=/opt/ros/humble /usr/bin/cmake /home/xzs/turtlebot3_ws/src/turtlebot3/turtlebot3_navigation2 -DAMENT_CMAKE_SYMLINK_INSTALL=1 -DCMAKE_INSTALL_PREFIX=/home/xzs/turtlebot3_ws/install/turtlebot3_navigation2
[0.886s] Invoking command in '/home/xzs/turtlebot3_ws/build/turtlebot3_navigation2': CMAKE_PREFIX_PATH=/opt/ros/humble /usr/bin/cmake --build /home/xzs/turtlebot3_ws/build/turtlebot3_navigation2 -- -j16 -l16
[0.914s] Invoked command in '/home/xzs/turtlebot3_ws/build/turtlebot3_navigation2' returned '0': CMAKE_PREFIX_PATH=/opt/ros/humble /usr/bin/cmake --build /home/xzs/turtlebot3_ws/build/turtlebot3_navigation2 -- -j16 -l16
[0.916s] Invoking command in '/home/xzs/turtlebot3_ws/build/turtlebot3_navigation2': CMAKE_PREFIX_PATH=/opt/ros/humble /usr/bin/cmake --install /home/xzs/turtlebot3_ws/build/turtlebot3_navigation2
[0.921s] -- Install configuration: ""
[0.921s] -- Execute custom install script
[0.921s] -- Symlinking: /home/xzs/turtlebot3_ws/install/turtlebot3_navigation2/share/turtlebot3_navigation2/launch/navigation2.launch.py
[0.928s] -- Symlinking: /home/xzs/turtlebot3_ws/install/turtlebot3_navigation2/share/turtlebot3_navigation2/map/map.pgm
[0.934s] -- Symlinking: /home/xzs/turtlebot3_ws/install/turtlebot3_navigation2/share/turtlebot3_navigation2/map/map.yaml
[0.940s] -- Symlinking: /home/xzs/turtlebot3_ws/install/turtlebot3_navigation2/share/turtlebot3_navigation2/param/burger.yaml
[0.946s] -- Symlinking: /home/xzs/turtlebot3_ws/install/turtlebot3_navigation2/share/turtlebot3_navigation2/param/burger_cam.yaml
[0.951s] -- Symlinking: /home/xzs/turtlebot3_ws/install/turtlebot3_navigation2/share/turtlebot3_navigation2/param/humble/burger.yaml
[0.957s] -- Symlinking: /home/xzs/turtlebot3_ws/install/turtlebot3_navigation2/share/turtlebot3_navigation2/param/humble/burger_cam.yaml
[0.963s] -- Symlinking: /home/xzs/turtlebot3_ws/install/turtlebot3_navigation2/share/turtlebot3_navigation2/param/humble/waffle.yaml
[0.969s] -- Symlinking: /home/xzs/turtlebot3_ws/install/turtlebot3_navigation2/share/turtlebot3_navigation2/param/humble/waffle_pi.yaml
[0.976s] -- Symlinking: /home/xzs/turtlebot3_ws/install/turtlebot3_navigation2/share/turtlebot3_navigation2/param/waffle.yaml
[0.986s] -- Symlinking: /home/xzs/turtlebot3_ws/install/turtlebot3_navigation2/share/turtlebot3_navigation2/param/waffle_pi.yaml
[0.995s] -- Symlinking: /home/xzs/turtlebot3_ws/install/turtlebot3_navigation2/share/turtlebot3_navigation2/rviz/tb3_navigation2.rviz
[1.004s] -- Symlinking: /home/xzs/turtlebot3_ws/install/turtlebot3_navigation2/share/ament_index/resource_index/package_run_dependencies/turtlebot3_navigation2
[1.013s] -- Symlinking: /home/xzs/turtlebot3_ws/install/turtlebot3_navigation2/share/ament_index/resource_index/parent_prefix_path/turtlebot3_navigation2
[1.025s] -- Symlinking: /home/xzs/turtlebot3_ws/install/turtlebot3_navigation2/share/turtlebot3_navigation2/environment/ament_prefix_path.sh
[1.035s] -- Symlinking: /home/xzs/turtlebot3_ws/install/turtlebot3_navigation2/share/turtlebot3_navigation2/environment/ament_prefix_path.dsv
[1.047s] -- Symlinking: /home/xzs/turtlebot3_ws/install/turtlebot3_navigation2/share/turtlebot3_navigation2/environment/path.sh
[1.058s] -- Symlinking: /home/xzs/turtlebot3_ws/install/turtlebot3_navigation2/share/turtlebot3_navigation2/environment/path.dsv
[1.080s] -- Symlinking: /home/xzs/turtlebot3_ws/install/turtlebot3_navigation2/share/turtlebot3_navigation2/local_setup.bash
[1.096s] -- Symlinking: /home/xzs/turtlebot3_ws/install/turtlebot3_navigation2/share/turtlebot3_navigation2/local_setup.sh
[1.110s] -- Symlinking: /home/xzs/turtlebot3_ws/install/turtlebot3_navigation2/share/turtlebot3_navigation2/local_setup.zsh
[1.120s] -- Symlinking: /home/xzs/turtlebot3_ws/install/turtlebot3_navigation2/share/turtlebot3_navigation2/local_setup.dsv
[1.132s] -- Symlinking: /home/xzs/turtlebot3_ws/install/turtlebot3_navigation2/share/turtlebot3_navigation2/package.dsv
[1.141s] -- Symlinking: /home/xzs/turtlebot3_ws/install/turtlebot3_navigation2/share/ament_index/resource_index/packages/turtlebot3_navigation2
[1.153s] -- Symlinking: /home/xzs/turtlebot3_ws/install/turtlebot3_navigation2/share/turtlebot3_navigation2/cmake/turtlebot3_navigation2Config.cmake
[1.162s] -- Symlinking: /home/xzs/turtlebot3_ws/install/turtlebot3_navigation2/share/turtlebot3_navigation2/cmake/turtlebot3_navigation2Config-version.cmake
[1.169s] -- Symlinking: /home/xzs/turtlebot3_ws/install/turtlebot3_navigation2/share/turtlebot3_navigation2/package.xml
[1.179s] Invoked command in '/home/xzs/turtlebot3_ws/build/turtlebot3_navigation2' returned '0': CMAKE_PREFIX_PATH=/opt/ros/humble /usr/bin/cmake --install /home/xzs/turtlebot3_ws/build/turtlebot3_navigation2
