[0.162s] Invoking command in '/home/xzs/turtlebot3_ws/build/dynamixel_sdk_examples': CMAKE_PREFIX_PATH=/home/xzs/turtlebot3_ws/install/dynamixel_sdk_custom_interfaces:/home/xzs/turtlebot3_ws/install/dynamixel_sdk:/home/xzs/turtlebot3_ws/install/turtlebot3:/home/xzs/turtlebot3_ws/install/turtlebot3_bringup:/home/xzs/turtlebot3_ws/install/turtlebot3_node:/home/xzs/turtlebot3_ws/install/turtlebot3_navigation2:/home/xzs/turtlebot3_ws/install/turtlebot3_msgs:/home/xzs/turtlebot3_ws/install/turtlebot3_description:/home/xzs/turtlebot3_ws/install/turtlebot3_cartographer:/home/xzs/turtlebot3_ws/install/dynamixel_sdk_examples:/home/xzs/turtlebot3_ws/install/turtlebot3_teleop:/home/xzs/turtlebot3_ws/install/turtlebot3_example:/opt/ros/humble LD_LIBRARY_PATH=/home/xzs/turtlebot3_ws/install/dynamixel_sdk_custom_interfaces/lib:/home/xzs/turtlebot3_ws/install/dynamixel_sdk/lib:/home/xzs/turtlebot3_ws/install/turtlebot3_msgs/lib:/usr/lib/x86_64-linux-gnu/gazebo-11/plugins:/opt/ros/humble/opt/rviz_ogre_vendor/lib:/opt/ros/humble/lib/x86_64-linux-gnu:/opt/ros/humble/lib:/usr/lib/x86_64-linux-gnu/gazebo-11/plugins /usr/bin/cmake --build /home/xzs/turtlebot3_ws/build/dynamixel_sdk_examples -- -j16 -l16
[0.530s] [35m[1mConsolidate compiler generated dependencies of target read_write_node[0m
[0.585s] [100%] Built target read_write_node
[0.805s] Invoked command in '/home/xzs/turtlebot3_ws/build/dynamixel_sdk_examples' returned '0': CMAKE_PREFIX_PATH=/home/xzs/turtlebot3_ws/install/dynamixel_sdk_custom_interfaces:/home/xzs/turtlebot3_ws/install/dynamixel_sdk:/home/xzs/turtlebot3_ws/install/turtlebot3:/home/xzs/turtlebot3_ws/install/turtlebot3_bringup:/home/xzs/turtlebot3_ws/install/turtlebot3_node:/home/xzs/turtlebot3_ws/install/turtlebot3_navigation2:/home/xzs/turtlebot3_ws/install/turtlebot3_msgs:/home/xzs/turtlebot3_ws/install/turtlebot3_description:/home/xzs/turtlebot3_ws/install/turtlebot3_cartographer:/home/xzs/turtlebot3_ws/install/dynamixel_sdk_examples:/home/xzs/turtlebot3_ws/install/turtlebot3_teleop:/home/xzs/turtlebot3_ws/install/turtlebot3_example:/opt/ros/humble LD_LIBRARY_PATH=/home/xzs/turtlebot3_ws/install/dynamixel_sdk_custom_interfaces/lib:/home/xzs/turtlebot3_ws/install/dynamixel_sdk/lib:/home/xzs/turtlebot3_ws/install/turtlebot3_msgs/lib:/usr/lib/x86_64-linux-gnu/gazebo-11/plugins:/opt/ros/humble/opt/rviz_ogre_vendor/lib:/opt/ros/humble/lib/x86_64-linux-gnu:/opt/ros/humble/lib:/usr/lib/x86_64-linux-gnu/gazebo-11/plugins /usr/bin/cmake --build /home/xzs/turtlebot3_ws/build/dynamixel_sdk_examples -- -j16 -l16
[0.828s] Invoking command in '/home/xzs/turtlebot3_ws/build/dynamixel_sdk_examples': CMAKE_PREFIX_PATH=/home/xzs/turtlebot3_ws/install/dynamixel_sdk_custom_interfaces:/home/xzs/turtlebot3_ws/install/dynamixel_sdk:/home/xzs/turtlebot3_ws/install/turtlebot3:/home/xzs/turtlebot3_ws/install/turtlebot3_bringup:/home/xzs/turtlebot3_ws/install/turtlebot3_node:/home/xzs/turtlebot3_ws/install/turtlebot3_navigation2:/home/xzs/turtlebot3_ws/install/turtlebot3_msgs:/home/xzs/turtlebot3_ws/install/turtlebot3_description:/home/xzs/turtlebot3_ws/install/turtlebot3_cartographer:/home/xzs/turtlebot3_ws/install/dynamixel_sdk_examples:/home/xzs/turtlebot3_ws/install/turtlebot3_teleop:/home/xzs/turtlebot3_ws/install/turtlebot3_example:/opt/ros/humble LD_LIBRARY_PATH=/home/xzs/turtlebot3_ws/install/dynamixel_sdk_custom_interfaces/lib:/home/xzs/turtlebot3_ws/install/dynamixel_sdk/lib:/home/xzs/turtlebot3_ws/install/turtlebot3_msgs/lib:/usr/lib/x86_64-linux-gnu/gazebo-11/plugins:/opt/ros/humble/opt/rviz_ogre_vendor/lib:/opt/ros/humble/lib/x86_64-linux-gnu:/opt/ros/humble/lib:/usr/lib/x86_64-linux-gnu/gazebo-11/plugins /usr/bin/cmake --install /home/xzs/turtlebot3_ws/build/dynamixel_sdk_examples
[0.859s] -- Install configuration: ""
[0.859s] -- Execute custom install script
[0.860s] -- Up-to-date symlink: /home/xzs/turtlebot3_ws/install/dynamixel_sdk_examples/lib/dynamixel_sdk_examples/read_write_node
[0.873s] -- Up-to-date symlink: /home/xzs/turtlebot3_ws/install/dynamixel_sdk_examples/lib/dynamixel_sdk_examples/read_write_node.py
[0.873s] -- Up-to-date symlink: /home/xzs/turtlebot3_ws/install/dynamixel_sdk_examples/share/ament_index/resource_index/package_run_dependencies/dynamixel_sdk_examples
[0.906s] -- Up-to-date symlink: /home/xzs/turtlebot3_ws/install/dynamixel_sdk_examples/share/ament_index/resource_index/parent_prefix_path/dynamixel_sdk_examples
[0.906s] -- Up-to-date symlink: /home/xzs/turtlebot3_ws/install/dynamixel_sdk_examples/share/dynamixel_sdk_examples/environment/ament_prefix_path.sh
[0.906s] -- Up-to-date symlink: /home/xzs/turtlebot3_ws/install/dynamixel_sdk_examples/share/dynamixel_sdk_examples/environment/ament_prefix_path.dsv
[0.906s] -- Up-to-date symlink: /home/xzs/turtlebot3_ws/install/dynamixel_sdk_examples/share/dynamixel_sdk_examples/environment/path.sh
[0.907s] -- Up-to-date symlink: /home/xzs/turtlebot3_ws/install/dynamixel_sdk_examples/share/dynamixel_sdk_examples/environment/path.dsv
[0.953s] -- Up-to-date symlink: /home/xzs/turtlebot3_ws/install/dynamixel_sdk_examples/share/dynamixel_sdk_examples/local_setup.bash
[0.954s] -- Up-to-date symlink: /home/xzs/turtlebot3_ws/install/dynamixel_sdk_examples/share/dynamixel_sdk_examples/local_setup.sh
[1.074s] -- Up-to-date symlink: /home/xzs/turtlebot3_ws/install/dynamixel_sdk_examples/share/dynamixel_sdk_examples/local_setup.zsh
[1.074s] -- Up-to-date symlink: /home/xzs/turtlebot3_ws/install/dynamixel_sdk_examples/share/dynamixel_sdk_examples/local_setup.dsv
[1.074s] -- Symlinking: /home/xzs/turtlebot3_ws/install/dynamixel_sdk_examples/share/dynamixel_sdk_examples/package.dsv
[1.082s] -- Up-to-date symlink: /home/xzs/turtlebot3_ws/install/dynamixel_sdk_examples/share/ament_index/resource_index/packages/dynamixel_sdk_examples
[1.094s] -- Up-to-date symlink: /home/xzs/turtlebot3_ws/install/dynamixel_sdk_examples/share/dynamixel_sdk_examples/cmake/dynamixel_sdk_examplesConfig.cmake
[1.110s] -- Up-to-date symlink: /home/xzs/turtlebot3_ws/install/dynamixel_sdk_examples/share/dynamixel_sdk_examples/cmake/dynamixel_sdk_examplesConfig-version.cmake
[1.110s] -- Up-to-date symlink: /home/xzs/turtlebot3_ws/install/dynamixel_sdk_examples/share/dynamixel_sdk_examples/package.xml
[1.112s] Invoked command in '/home/xzs/turtlebot3_ws/build/dynamixel_sdk_examples' returned '0': CMAKE_PREFIX_PATH=/home/xzs/turtlebot3_ws/install/dynamixel_sdk_custom_interfaces:/home/xzs/turtlebot3_ws/install/dynamixel_sdk:/home/xzs/turtlebot3_ws/install/turtlebot3:/home/xzs/turtlebot3_ws/install/turtlebot3_bringup:/home/xzs/turtlebot3_ws/install/turtlebot3_node:/home/xzs/turtlebot3_ws/install/turtlebot3_navigation2:/home/xzs/turtlebot3_ws/install/turtlebot3_msgs:/home/xzs/turtlebot3_ws/install/turtlebot3_description:/home/xzs/turtlebot3_ws/install/turtlebot3_cartographer:/home/xzs/turtlebot3_ws/install/dynamixel_sdk_examples:/home/xzs/turtlebot3_ws/install/turtlebot3_teleop:/home/xzs/turtlebot3_ws/install/turtlebot3_example:/opt/ros/humble LD_LIBRARY_PATH=/home/xzs/turtlebot3_ws/install/dynamixel_sdk_custom_interfaces/lib:/home/xzs/turtlebot3_ws/install/dynamixel_sdk/lib:/home/xzs/turtlebot3_ws/install/turtlebot3_msgs/lib:/usr/lib/x86_64-linux-gnu/gazebo-11/plugins:/opt/ros/humble/opt/rviz_ogre_vendor/lib:/opt/ros/humble/lib/x86_64-linux-gnu:/opt/ros/humble/lib:/usr/lib/x86_64-linux-gnu/gazebo-11/plugins /usr/bin/cmake --install /home/xzs/turtlebot3_ws/build/dynamixel_sdk_examples
