[0.702s] Invoking command in '/home/xzs/turtlebot3_ws/build/turtlebot3_teleop': PYTHONPATH=/home/xzs/turtlebot3_ws/build/turtlebot3_teleop/prefix_override:/usr/lib/python3/dist-packages/colcon_core/task/python/colcon_distutils_commands:/home/xzs/turtlebot3_ws/install/turtlebot3_teleop/lib/python3.10/site-packages:${PYTHONPATH} /usr/bin/python3 -W ignore:setup.py install is deprecated -W ignore:easy_install command is deprecated setup.py develop --editable --build-directory /home/xzs/turtlebot3_ws/build/turtlebot3_teleop/build --no-deps symlink_data
[0.924s] running develop
[1.132s] running egg_info
[1.132s] creating turtlebot3_teleop.egg-info
[1.132s] writing turtlebot3_teleop.egg-info/PKG-INFO
[1.132s] writing dependency_links to turtlebot3_teleop.egg-info/dependency_links.txt
[1.132s] writing entry points to turtlebot3_teleop.egg-info/entry_points.txt
[1.135s] writing requirements to turtlebot3_teleop.egg-info/requires.txt
[1.135s] writing top-level names to turtlebot3_teleop.egg-info/top_level.txt
[1.135s] writing manifest file 'turtlebot3_teleop.egg-info/SOURCES.txt'
[1.135s] reading manifest file 'turtlebot3_teleop.egg-info/SOURCES.txt'
[1.135s] writing manifest file 'turtlebot3_teleop.egg-info/SOURCES.txt'
[1.137s] running build_ext
[1.137s] Creating /home/xzs/turtlebot3_ws/install/turtlebot3_teleop/lib/python3.10/site-packages/turtlebot3-teleop.egg-link (link to .)
[1.138s] Installing teleop_keyboard script to /home/xzs/turtlebot3_ws/install/turtlebot3_teleop/lib/turtlebot3_teleop
[1.138s] 
[1.138s] Installed /home/xzs/turtlebot3_ws/build/turtlebot3_teleop
[1.139s] running symlink_data
[1.139s] creating /home/xzs/turtlebot3_ws/install/turtlebot3_teleop/share/ament_index
[1.139s] creating /home/xzs/turtlebot3_ws/install/turtlebot3_teleop/share/ament_index/resource_index
[1.139s] creating /home/xzs/turtlebot3_ws/install/turtlebot3_teleop/share/ament_index/resource_index/packages
[1.139s] symbolically linking /home/xzs/turtlebot3_ws/build/turtlebot3_teleop/resource/turtlebot3_teleop -> /home/xzs/turtlebot3_ws/install/turtlebot3_teleop/share/ament_index/resource_index/packages
[1.139s] symbolically linking /home/xzs/turtlebot3_ws/build/turtlebot3_teleop/package.xml -> /home/xzs/turtlebot3_ws/install/turtlebot3_teleop/share/turtlebot3_teleop
[1.195s] Invoked command in '/home/xzs/turtlebot3_ws/build/turtlebot3_teleop' returned '0': PYTHONPATH=/home/xzs/turtlebot3_ws/build/turtlebot3_teleop/prefix_override:/usr/lib/python3/dist-packages/colcon_core/task/python/colcon_distutils_commands:/home/xzs/turtlebot3_ws/install/turtlebot3_teleop/lib/python3.10/site-packages:${PYTHONPATH} /usr/bin/python3 -W ignore:setup.py install is deprecated -W ignore:easy_install command is deprecated setup.py develop --editable --build-directory /home/xzs/turtlebot3_ws/build/turtlebot3_teleop/build --no-deps symlink_data
