[0.261s] Invoking command in '/home/xzs/turtlebot3_ws/build/turtlebot3_node': CMAKE_PREFIX_PATH=/home/xzs/turtlebot3_ws/install/turtlebot3_msgs:/home/xzs/turtlebot3_ws/install/dynamixel_sdk:/home/xzs/turtlebot3_ws/install/turtlebot3:/home/xzs/turtlebot3_ws/install/turtlebot3_bringup:/home/xzs/turtlebot3_ws/install/turtlebot3_node:/home/xzs/turtlebot3_ws/install/turtlebot3_navigation2:/home/xzs/turtlebot3_ws/install/turtlebot3_description:/home/xzs/turtlebot3_ws/install/turtlebot3_cartographer:/home/xzs/turtlebot3_ws/install/dynamixel_sdk_examples:/home/xzs/turtlebot3_ws/install/dynamixel_sdk_custom_interfaces:/home/xzs/turtlebot3_ws/install/turtlebot3_teleop:/home/xzs/turtlebot3_ws/install/turtlebot3_example:/opt/ros/humble LD_LIBRARY_PATH=/home/xzs/turtlebot3_ws/install/turtlebot3_msgs/lib:/home/xzs/turtlebot3_ws/install/dynamixel_sdk/lib:/home/xzs/turtlebot3_ws/install/dynamixel_sdk_custom_interfaces/lib:/usr/lib/x86_64-linux-gnu/gazebo-11/plugins:/opt/ros/humble/opt/rviz_ogre_vendor/lib:/opt/ros/humble/lib/x86_64-linux-gnu:/opt/ros/humble/lib:/usr/lib/x86_64-linux-gnu/gazebo-11/plugins /usr/bin/cmake --build /home/xzs/turtlebot3_ws/build/turtlebot3_node -- -j16 -l16
[0.681s] [35m[1mConsolidate compiler generated dependencies of target turtlebot3_node_lib[0m
[0.721s] [ 85%] Built target turtlebot3_node_lib
[0.769s] [35m[1mConsolidate compiler generated dependencies of target turtlebot3_ros[0m
[0.784s] [100%] Built target turtlebot3_ros
[0.792s] Invoked command in '/home/xzs/turtlebot3_ws/build/turtlebot3_node' returned '0': CMAKE_PREFIX_PATH=/home/xzs/turtlebot3_ws/install/turtlebot3_msgs:/home/xzs/turtlebot3_ws/install/dynamixel_sdk:/home/xzs/turtlebot3_ws/install/turtlebot3:/home/xzs/turtlebot3_ws/install/turtlebot3_bringup:/home/xzs/turtlebot3_ws/install/turtlebot3_node:/home/xzs/turtlebot3_ws/install/turtlebot3_navigation2:/home/xzs/turtlebot3_ws/install/turtlebot3_description:/home/xzs/turtlebot3_ws/install/turtlebot3_cartographer:/home/xzs/turtlebot3_ws/install/dynamixel_sdk_examples:/home/xzs/turtlebot3_ws/install/dynamixel_sdk_custom_interfaces:/home/xzs/turtlebot3_ws/install/turtlebot3_teleop:/home/xzs/turtlebot3_ws/install/turtlebot3_example:/opt/ros/humble LD_LIBRARY_PATH=/home/xzs/turtlebot3_ws/install/turtlebot3_msgs/lib:/home/xzs/turtlebot3_ws/install/dynamixel_sdk/lib:/home/xzs/turtlebot3_ws/install/dynamixel_sdk_custom_interfaces/lib:/usr/lib/x86_64-linux-gnu/gazebo-11/plugins:/opt/ros/humble/opt/rviz_ogre_vendor/lib:/opt/ros/humble/lib/x86_64-linux-gnu:/opt/ros/humble/lib:/usr/lib/x86_64-linux-gnu/gazebo-11/plugins /usr/bin/cmake --build /home/xzs/turtlebot3_ws/build/turtlebot3_node -- -j16 -l16
[0.793s] Invoking command in '/home/xzs/turtlebot3_ws/build/turtlebot3_node': CMAKE_PREFIX_PATH=/home/xzs/turtlebot3_ws/install/turtlebot3_msgs:/home/xzs/turtlebot3_ws/install/dynamixel_sdk:/home/xzs/turtlebot3_ws/install/turtlebot3:/home/xzs/turtlebot3_ws/install/turtlebot3_bringup:/home/xzs/turtlebot3_ws/install/turtlebot3_node:/home/xzs/turtlebot3_ws/install/turtlebot3_navigation2:/home/xzs/turtlebot3_ws/install/turtlebot3_description:/home/xzs/turtlebot3_ws/install/turtlebot3_cartographer:/home/xzs/turtlebot3_ws/install/dynamixel_sdk_examples:/home/xzs/turtlebot3_ws/install/dynamixel_sdk_custom_interfaces:/home/xzs/turtlebot3_ws/install/turtlebot3_teleop:/home/xzs/turtlebot3_ws/install/turtlebot3_example:/opt/ros/humble LD_LIBRARY_PATH=/home/xzs/turtlebot3_ws/install/turtlebot3_msgs/lib:/home/xzs/turtlebot3_ws/install/dynamixel_sdk/lib:/home/xzs/turtlebot3_ws/install/dynamixel_sdk_custom_interfaces/lib:/usr/lib/x86_64-linux-gnu/gazebo-11/plugins:/opt/ros/humble/opt/rviz_ogre_vendor/lib:/opt/ros/humble/lib/x86_64-linux-gnu:/opt/ros/humble/lib:/usr/lib/x86_64-linux-gnu/gazebo-11/plugins /usr/bin/cmake --install /home/xzs/turtlebot3_ws/build/turtlebot3_node
[0.799s] -- Install configuration: ""
[0.799s] -- Execute custom install script
[0.799s] -- Up-to-date symlink: /home/xzs/turtlebot3_ws/install/turtlebot3_node/share/turtlebot3_node/param/burger.yaml
[0.800s] -- Up-to-date symlink: /home/xzs/turtlebot3_ws/install/turtlebot3_node/share/turtlebot3_node/param/waffle.yaml
[0.800s] -- Up-to-date symlink: /home/xzs/turtlebot3_ws/install/turtlebot3_node/share/turtlebot3_node/param/waffle_pi.yaml
[0.800s] -- Up-to-date symlink: /home/xzs/turtlebot3_ws/install/turtlebot3_node/lib/turtlebot3_node/turtlebot3_ros
[0.800s] -- Up-to-date symlink: /home/xzs/turtlebot3_ws/install/turtlebot3_node/share/ament_index/resource_index/package_run_dependencies/turtlebot3_node
[0.801s] -- Up-to-date symlink: /home/xzs/turtlebot3_ws/install/turtlebot3_node/share/ament_index/resource_index/parent_prefix_path/turtlebot3_node
[0.801s] -- Up-to-date symlink: /home/xzs/turtlebot3_ws/install/turtlebot3_node/share/turtlebot3_node/environment/ament_prefix_path.sh
[0.801s] -- Up-to-date symlink: /home/xzs/turtlebot3_ws/install/turtlebot3_node/share/turtlebot3_node/environment/ament_prefix_path.dsv
[0.801s] -- Up-to-date symlink: /home/xzs/turtlebot3_ws/install/turtlebot3_node/share/turtlebot3_node/environment/path.sh
[0.801s] -- Up-to-date symlink: /home/xzs/turtlebot3_ws/install/turtlebot3_node/share/turtlebot3_node/environment/path.dsv
[0.802s] -- Up-to-date symlink: /home/xzs/turtlebot3_ws/install/turtlebot3_node/share/turtlebot3_node/local_setup.bash
[0.802s] -- Up-to-date symlink: /home/xzs/turtlebot3_ws/install/turtlebot3_node/share/turtlebot3_node/local_setup.sh
[0.802s] -- Up-to-date symlink: /home/xzs/turtlebot3_ws/install/turtlebot3_node/share/turtlebot3_node/local_setup.zsh
[0.802s] -- Up-to-date symlink: /home/xzs/turtlebot3_ws/install/turtlebot3_node/share/turtlebot3_node/local_setup.dsv
[0.802s] -- Symlinking: /home/xzs/turtlebot3_ws/install/turtlebot3_node/share/turtlebot3_node/package.dsv
[0.808s] -- Up-to-date symlink: /home/xzs/turtlebot3_ws/install/turtlebot3_node/share/ament_index/resource_index/packages/turtlebot3_node
[0.837s] -- Up-to-date symlink: /home/xzs/turtlebot3_ws/install/turtlebot3_node/share/turtlebot3_node/cmake/ament_cmake_export_dependencies-extras.cmake
[0.837s] -- Up-to-date symlink: /home/xzs/turtlebot3_ws/install/turtlebot3_node/share/turtlebot3_node/cmake/ament_cmake_export_include_directories-extras.cmake
[0.837s] -- Up-to-date symlink: /home/xzs/turtlebot3_ws/install/turtlebot3_node/share/turtlebot3_node/cmake/turtlebot3_nodeConfig.cmake
[0.837s] -- Up-to-date symlink: /home/xzs/turtlebot3_ws/install/turtlebot3_node/share/turtlebot3_node/cmake/turtlebot3_nodeConfig-version.cmake
[0.837s] -- Up-to-date symlink: /home/xzs/turtlebot3_ws/install/turtlebot3_node/share/turtlebot3_node/package.xml
[0.840s] Invoked command in '/home/xzs/turtlebot3_ws/build/turtlebot3_node' returned '0': CMAKE_PREFIX_PATH=/home/xzs/turtlebot3_ws/install/turtlebot3_msgs:/home/xzs/turtlebot3_ws/install/dynamixel_sdk:/home/xzs/turtlebot3_ws/install/turtlebot3:/home/xzs/turtlebot3_ws/install/turtlebot3_bringup:/home/xzs/turtlebot3_ws/install/turtlebot3_node:/home/xzs/turtlebot3_ws/install/turtlebot3_navigation2:/home/xzs/turtlebot3_ws/install/turtlebot3_description:/home/xzs/turtlebot3_ws/install/turtlebot3_cartographer:/home/xzs/turtlebot3_ws/install/dynamixel_sdk_examples:/home/xzs/turtlebot3_ws/install/dynamixel_sdk_custom_interfaces:/home/xzs/turtlebot3_ws/install/turtlebot3_teleop:/home/xzs/turtlebot3_ws/install/turtlebot3_example:/opt/ros/humble LD_LIBRARY_PATH=/home/xzs/turtlebot3_ws/install/turtlebot3_msgs/lib:/home/xzs/turtlebot3_ws/install/dynamixel_sdk/lib:/home/xzs/turtlebot3_ws/install/dynamixel_sdk_custom_interfaces/lib:/usr/lib/x86_64-linux-gnu/gazebo-11/plugins:/opt/ros/humble/opt/rviz_ogre_vendor/lib:/opt/ros/humble/lib/x86_64-linux-gnu:/opt/ros/humble/lib:/usr/lib/x86_64-linux-gnu/gazebo-11/plugins /usr/bin/cmake --install /home/xzs/turtlebot3_ws/build/turtlebot3_node
